  Cha_Kan_Ke_Cheng_Ren_Shu.cpp
D:\vs\vs项目\学生选课管理系统\VS项目文件\学生选课管理系统\resource.h(39,1): warning C4005: “CREATEPROCESS_MANIFEST_RESOURCE_ID”: 宏重定义
C:\Program Files (x86)\Windows Kits\10\Include\10.0.22000.0\um\winuser.h(283,1): message : 参见“CREATEPROCESS_MANIFEST_RESOURCE_ID”的前一个定义
D:\vs\vs项目\学生选课管理系统\VS项目文件\学生选课管理系统\resource.h(40,1): warning C4005: “MINIMUM_RESERVED_MANIFEST_RESOURCE_ID”: 宏重定义
C:\Program Files (x86)\Windows Kits\10\Include\10.0.22000.0\um\winuser.h(288,1): message : 参见“MINIMUM_RESERVED_MANIFEST_RESOURCE_ID”的前一个定义
D:\vs\vs项目\学生选课管理系统\VS项目文件\学生选课管理系统\resource.h(224,1): warning C4005: “ISOLATIONAWARE_MANIFEST_RESOURCE_ID”: 宏重定义
C:\Program Files (x86)\Windows Kits\10\Include\10.0.22000.0\um\winuser.h(284,1): message : 参见“ISOLATIONAWARE_MANIFEST_RESOURCE_ID”的前一个定义
D:\vs\vs项目\学生选课管理系统\VS项目文件\学生选课管理系统\resource.h(313,1): warning C4005: “ISOLATIONAWARE_NOSTATICIMPORT_MANIFEST_RESOURCE_ID”: 宏重定义
C:\Program Files (x86)\Windows Kits\10\Include\10.0.22000.0\um\winuser.h(285,1): message : 参见“ISOLATIONAWARE_NOSTATICIMPORT_MANIFEST_RESOURCE_ID”的前一个定义
D:\vs\vs项目\学生选课管理系统\VS项目文件\学生选课管理系统\resource.h(348,1): warning C4005: “ISOLATIONPOLICY_MANIFEST_RESOURCE_ID”: 宏重定义
C:\Program Files (x86)\Windows Kits\10\Include\10.0.22000.0\um\winuser.h(286,1): message : 参见“ISOLATIONPOLICY_MANIFEST_RESOURCE_ID”的前一个定义
D:\vs\vs项目\学生选课管理系统\VS项目文件\学生选课管理系统\resource.h(398,1): warning C4005: “ISOLATIONPOLICY_BROWSER_MANIFEST_RESOURCE_ID”: 宏重定义
C:\Program Files (x86)\Windows Kits\10\Include\10.0.22000.0\um\winuser.h(287,1): message : 参见“ISOLATIONPOLICY_BROWSER_MANIFEST_RESOURCE_ID”的前一个定义
D:\vs\vs项目\学生选课管理系统\VS项目文件\学生选课管理系统\resource.h(546,1): warning C4005: “MAXIMUM_RESERVED_MANIFEST_RESOURCE_ID”: 宏重定义
C:\Program Files (x86)\Windows Kits\10\Include\10.0.22000.0\um\winuser.h(289,1): message : 参见“MAXIMUM_RESERVED_MANIFEST_RESOURCE_ID”的前一个定义
D:\vs\vs项目\学生选课管理系统\VS项目文件\学生选课管理系统\resource.h(610,1): warning C4005: “RT_MANIFEST”: 宏重定义
C:\Program Files (x86)\Windows Kits\10\Include\10.0.22000.0\um\winuser.h(282,1): message : 参见“RT_MANIFEST”的前一个定义
D:\vs\vs项目\学生选课管理系统\VS项目文件\学生选课管理系统\resource.h(1541,1): warning C4005: “_WIN32_IE”: 宏重定义
D:\vs\Visual Studio IDE\VC\Tools\MSVC\14.35.32215\atlmfc\include\afxdlgs.h(30,1): message : 参见“_WIN32_IE”的前一个定义
D:\vs\vs项目\学生选课管理系统\VS项目文件\学生选课管理系统\resource.h(1575,1): warning C4005: “IDI_APPLICATION”: 宏重定义
C:\Program Files (x86)\Windows Kits\10\Include\10.0.22000.0\um\winuser.h(11073,1): message : 参见“IDI_APPLICATION”的前一个定义
D:\vs\vs项目\学生选课管理系统\VS项目文件\学生选课管理系统\resource.h(1578,1): warning C4005: “IDI_HAND”: 宏重定义
C:\Program Files (x86)\Windows Kits\10\Include\10.0.22000.0\um\winuser.h(11074,1): message : 参见“IDI_HAND”的前一个定义
D:\vs\vs项目\学生选课管理系统\VS项目文件\学生选课管理系统\resource.h(1581,1): warning C4005: “IDI_QUESTION”: 宏重定义
C:\Program Files (x86)\Windows Kits\10\Include\10.0.22000.0\um\winuser.h(11075,1): message : 参见“IDI_QUESTION”的前一个定义
D:\vs\vs项目\学生选课管理系统\VS项目文件\学生选课管理系统\resource.h(1584,1): warning C4005: “IDI_EXCLAMATION”: 宏重定义
C:\Program Files (x86)\Windows Kits\10\Include\10.0.22000.0\um\winuser.h(11076,1): message : 参见“IDI_EXCLAMATION”的前一个定义
D:\vs\vs项目\学生选课管理系统\VS项目文件\学生选课管理系统\resource.h(1587,1): warning C4005: “IDI_ASTERISK”: 宏重定义
C:\Program Files (x86)\Windows Kits\10\Include\10.0.22000.0\um\winuser.h(11077,1): message : 参见“IDI_ASTERISK”的前一个定义
D:\vs\vs项目\学生选课管理系统\VS项目文件\学生选课管理系统\resource.h(1589,1): warning C4005: “IDI_WINLOGO”: 宏重定义
C:\Program Files (x86)\Windows Kits\10\Include\10.0.22000.0\um\winuser.h(11079,1): message : 参见“IDI_WINLOGO”的前一个定义
D:\vs\vs项目\学生选课管理系统\VS项目文件\学生选课管理系统\resource.h(1591,1): warning C4005: “IDI_SHIELD”: 宏重定义
C:\Program Files (x86)\Windows Kits\10\Include\10.0.22000.0\um\winuser.h(11082,1): message : 参见“IDI_SHIELD”的前一个定义
D:\vs\vs项目\学生选课管理系统\VS项目文件\学生选课管理系统\resource.h(1666,1): warning C4005: “HTERROR”: 宏重定义
C:\Program Files (x86)\Windows Kits\10\Include\10.0.22000.0\um\winuser.h(2564,1): message : 参见“HTERROR”的前一个定义
D:\vs\vs项目\学生选课管理系统\VS项目文件\学生选课管理系统\resource.h(1668,1): warning C4005: “PWR_FAIL”: 宏重定义
C:\Program Files (x86)\Windows Kits\10\Include\10.0.22000.0\um\winuser.h(2074,1): message : 参见“PWR_FAIL”的前一个定义
D:\vs\vs项目\学生选课管理系统\VS项目文件\学生选课管理系统\resource.h(1669,1): warning C4005: “HTTRANSPARENT”: 宏重定义
C:\Program Files (x86)\Windows Kits\10\Include\10.0.22000.0\um\winuser.h(2565,1): message : 参见“HTTRANSPARENT”的前一个定义
  Che_Xiao_Ke_Cheng.cpp
D:\vs\vs项目\学生选课管理系统\VS项目文件\学生选课管理系统\resource.h(39,1): warning C4005: “CREATEPROCESS_MANIFEST_RESOURCE_ID”: 宏重定义
C:\Program Files (x86)\Windows Kits\10\Include\10.0.22000.0\um\winuser.h(283,1): message : 参见“CREATEPROCESS_MANIFEST_RESOURCE_ID”的前一个定义
D:\vs\vs项目\学生选课管理系统\VS项目文件\学生选课管理系统\resource.h(40,1): warning C4005: “MINIMUM_RESERVED_MANIFEST_RESOURCE_ID”: 宏重定义
C:\Program Files (x86)\Windows Kits\10\Include\10.0.22000.0\um\winuser.h(288,1): message : 参见“MINIMUM_RESERVED_MANIFEST_RESOURCE_ID”的前一个定义
D:\vs\vs项目\学生选课管理系统\VS项目文件\学生选课管理系统\resource.h(224,1): warning C4005: “ISOLATIONAWARE_MANIFEST_RESOURCE_ID”: 宏重定义
C:\Program Files (x86)\Windows Kits\10\Include\10.0.22000.0\um\winuser.h(284,1): message : 参见“ISOLATIONAWARE_MANIFEST_RESOURCE_ID”的前一个定义
D:\vs\vs项目\学生选课管理系统\VS项目文件\学生选课管理系统\resource.h(313,1): warning C4005: “ISOLATIONAWARE_NOSTATICIMPORT_MANIFEST_RESOURCE_ID”: 宏重定义
C:\Program Files (x86)\Windows Kits\10\Include\10.0.22000.0\um\winuser.h(285,1): message : 参见“ISOLATIONAWARE_NOSTATICIMPORT_MANIFEST_RESOURCE_ID”的前一个定义
D:\vs\vs项目\学生选课管理系统\VS项目文件\学生选课管理系统\resource.h(348,1): warning C4005: “ISOLATIONPOLICY_MANIFEST_RESOURCE_ID”: 宏重定义
C:\Program Files (x86)\Windows Kits\10\Include\10.0.22000.0\um\winuser.h(286,1): message : 参见“ISOLATIONPOLICY_MANIFEST_RESOURCE_ID”的前一个定义
D:\vs\vs项目\学生选课管理系统\VS项目文件\学生选课管理系统\resource.h(398,1): warning C4005: “ISOLATIONPOLICY_BROWSER_MANIFEST_RESOURCE_ID”: 宏重定义
C:\Program Files (x86)\Windows Kits\10\Include\10.0.22000.0\um\winuser.h(287,1): message : 参见“ISOLATIONPOLICY_BROWSER_MANIFEST_RESOURCE_ID”的前一个定义
D:\vs\vs项目\学生选课管理系统\VS项目文件\学生选课管理系统\resource.h(546,1): warning C4005: “MAXIMUM_RESERVED_MANIFEST_RESOURCE_ID”: 宏重定义
C:\Program Files (x86)\Windows Kits\10\Include\10.0.22000.0\um\winuser.h(289,1): message : 参见“MAXIMUM_RESERVED_MANIFEST_RESOURCE_ID”的前一个定义
D:\vs\vs项目\学生选课管理系统\VS项目文件\学生选课管理系统\resource.h(610,1): warning C4005: “RT_MANIFEST”: 宏重定义
C:\Program Files (x86)\Windows Kits\10\Include\10.0.22000.0\um\winuser.h(282,1): message : 参见“RT_MANIFEST”的前一个定义
D:\vs\vs项目\学生选课管理系统\VS项目文件\学生选课管理系统\resource.h(1541,1): warning C4005: “_WIN32_IE”: 宏重定义
D:\vs\Visual Studio IDE\VC\Tools\MSVC\14.35.32215\atlmfc\include\afxdlgs.h(30,1): message : 参见“_WIN32_IE”的前一个定义
D:\vs\vs项目\学生选课管理系统\VS项目文件\学生选课管理系统\resource.h(1575,1): warning C4005: “IDI_APPLICATION”: 宏重定义
C:\Program Files (x86)\Windows Kits\10\Include\10.0.22000.0\um\winuser.h(11073,1): message : 参见“IDI_APPLICATION”的前一个定义
D:\vs\vs项目\学生选课管理系统\VS项目文件\学生选课管理系统\resource.h(1578,1): warning C4005: “IDI_HAND”: 宏重定义
C:\Program Files (x86)\Windows Kits\10\Include\10.0.22000.0\um\winuser.h(11074,1): message : 参见“IDI_HAND”的前一个定义
D:\vs\vs项目\学生选课管理系统\VS项目文件\学生选课管理系统\resource.h(1581,1): warning C4005: “IDI_QUESTION”: 宏重定义
C:\Program Files (x86)\Windows Kits\10\Include\10.0.22000.0\um\winuser.h(11075,1): message : 参见“IDI_QUESTION”的前一个定义
D:\vs\vs项目\学生选课管理系统\VS项目文件\学生选课管理系统\resource.h(1584,1): warning C4005: “IDI_EXCLAMATION”: 宏重定义
C:\Program Files (x86)\Windows Kits\10\Include\10.0.22000.0\um\winuser.h(11076,1): message : 参见“IDI_EXCLAMATION”的前一个定义
D:\vs\vs项目\学生选课管理系统\VS项目文件\学生选课管理系统\resource.h(1587,1): warning C4005: “IDI_ASTERISK”: 宏重定义
C:\Program Files (x86)\Windows Kits\10\Include\10.0.22000.0\um\winuser.h(11077,1): message : 参见“IDI_ASTERISK”的前一个定义
D:\vs\vs项目\学生选课管理系统\VS项目文件\学生选课管理系统\resource.h(1589,1): warning C4005: “IDI_WINLOGO”: 宏重定义
C:\Program Files (x86)\Windows Kits\10\Include\10.0.22000.0\um\winuser.h(11079,1): message : 参见“IDI_WINLOGO”的前一个定义
D:\vs\vs项目\学生选课管理系统\VS项目文件\学生选课管理系统\resource.h(1591,1): warning C4005: “IDI_SHIELD”: 宏重定义
C:\Program Files (x86)\Windows Kits\10\Include\10.0.22000.0\um\winuser.h(11082,1): message : 参见“IDI_SHIELD”的前一个定义
D:\vs\vs项目\学生选课管理系统\VS项目文件\学生选课管理系统\resource.h(1666,1): warning C4005: “HTERROR”: 宏重定义
C:\Program Files (x86)\Windows Kits\10\Include\10.0.22000.0\um\winuser.h(2564,1): message : 参见“HTERROR”的前一个定义
D:\vs\vs项目\学生选课管理系统\VS项目文件\学生选课管理系统\resource.h(1668,1): warning C4005: “PWR_FAIL”: 宏重定义
C:\Program Files (x86)\Windows Kits\10\Include\10.0.22000.0\um\winuser.h(2074,1): message : 参见“PWR_FAIL”的前一个定义
D:\vs\vs项目\学生选课管理系统\VS项目文件\学生选课管理系统\resource.h(1669,1): warning C4005: “HTTRANSPARENT”: 宏重定义
C:\Program Files (x86)\Windows Kits\10\Include\10.0.22000.0\um\winuser.h(2565,1): message : 参见“HTTRANSPARENT”的前一个定义
  DengLu.cpp
D:\vs\vs项目\学生选课管理系统\VS项目文件\学生选课管理系统\resource.h(39,1): warning C4005: “CREATEPROCESS_MANIFEST_RESOURCE_ID”: 宏重定义
C:\Program Files (x86)\Windows Kits\10\Include\10.0.22000.0\um\winuser.h(283,1): message : 参见“CREATEPROCESS_MANIFEST_RESOURCE_ID”的前一个定义
D:\vs\vs项目\学生选课管理系统\VS项目文件\学生选课管理系统\resource.h(40,1): warning C4005: “MINIMUM_RESERVED_MANIFEST_RESOURCE_ID”: 宏重定义
C:\Program Files (x86)\Windows Kits\10\Include\10.0.22000.0\um\winuser.h(288,1): message : 参见“MINIMUM_RESERVED_MANIFEST_RESOURCE_ID”的前一个定义
D:\vs\vs项目\学生选课管理系统\VS项目文件\学生选课管理系统\resource.h(224,1): warning C4005: “ISOLATIONAWARE_MANIFEST_RESOURCE_ID”: 宏重定义
C:\Program Files (x86)\Windows Kits\10\Include\10.0.22000.0\um\winuser.h(284,1): message : 参见“ISOLATIONAWARE_MANIFEST_RESOURCE_ID”的前一个定义
D:\vs\vs项目\学生选课管理系统\VS项目文件\学生选课管理系统\resource.h(313,1): warning C4005: “ISOLATIONAWARE_NOSTATICIMPORT_MANIFEST_RESOURCE_ID”: 宏重定义
C:\Program Files (x86)\Windows Kits\10\Include\10.0.22000.0\um\winuser.h(285,1): message : 参见“ISOLATIONAWARE_NOSTATICIMPORT_MANIFEST_RESOURCE_ID”的前一个定义
D:\vs\vs项目\学生选课管理系统\VS项目文件\学生选课管理系统\resource.h(348,1): warning C4005: “ISOLATIONPOLICY_MANIFEST_RESOURCE_ID”: 宏重定义
C:\Program Files (x86)\Windows Kits\10\Include\10.0.22000.0\um\winuser.h(286,1): message : 参见“ISOLATIONPOLICY_MANIFEST_RESOURCE_ID”的前一个定义
D:\vs\vs项目\学生选课管理系统\VS项目文件\学生选课管理系统\resource.h(398,1): warning C4005: “ISOLATIONPOLICY_BROWSER_MANIFEST_RESOURCE_ID”: 宏重定义
C:\Program Files (x86)\Windows Kits\10\Include\10.0.22000.0\um\winuser.h(287,1): message : 参见“ISOLATIONPOLICY_BROWSER_MANIFEST_RESOURCE_ID”的前一个定义
D:\vs\vs项目\学生选课管理系统\VS项目文件\学生选课管理系统\resource.h(546,1): warning C4005: “MAXIMUM_RESERVED_MANIFEST_RESOURCE_ID”: 宏重定义
C:\Program Files (x86)\Windows Kits\10\Include\10.0.22000.0\um\winuser.h(289,1): message : 参见“MAXIMUM_RESERVED_MANIFEST_RESOURCE_ID”的前一个定义
D:\vs\vs项目\学生选课管理系统\VS项目文件\学生选课管理系统\resource.h(610,1): warning C4005: “RT_MANIFEST”: 宏重定义
C:\Program Files (x86)\Windows Kits\10\Include\10.0.22000.0\um\winuser.h(282,1): message : 参见“RT_MANIFEST”的前一个定义
D:\vs\vs项目\学生选课管理系统\VS项目文件\学生选课管理系统\resource.h(1541,1): warning C4005: “_WIN32_IE”: 宏重定义
D:\vs\Visual Studio IDE\VC\Tools\MSVC\14.35.32215\atlmfc\include\afxdlgs.h(30,1): message : 参见“_WIN32_IE”的前一个定义
D:\vs\vs项目\学生选课管理系统\VS项目文件\学生选课管理系统\resource.h(1575,1): warning C4005: “IDI_APPLICATION”: 宏重定义
C:\Program Files (x86)\Windows Kits\10\Include\10.0.22000.0\um\winuser.h(11073,1): message : 参见“IDI_APPLICATION”的前一个定义
D:\vs\vs项目\学生选课管理系统\VS项目文件\学生选课管理系统\resource.h(1578,1): warning C4005: “IDI_HAND”: 宏重定义
C:\Program Files (x86)\Windows Kits\10\Include\10.0.22000.0\um\winuser.h(11074,1): message : 参见“IDI_HAND”的前一个定义
D:\vs\vs项目\学生选课管理系统\VS项目文件\学生选课管理系统\resource.h(1581,1): warning C4005: “IDI_QUESTION”: 宏重定义
C:\Program Files (x86)\Windows Kits\10\Include\10.0.22000.0\um\winuser.h(11075,1): message : 参见“IDI_QUESTION”的前一个定义
D:\vs\vs项目\学生选课管理系统\VS项目文件\学生选课管理系统\resource.h(1584,1): warning C4005: “IDI_EXCLAMATION”: 宏重定义
C:\Program Files (x86)\Windows Kits\10\Include\10.0.22000.0\um\winuser.h(11076,1): message : 参见“IDI_EXCLAMATION”的前一个定义
D:\vs\vs项目\学生选课管理系统\VS项目文件\学生选课管理系统\resource.h(1587,1): warning C4005: “IDI_ASTERISK”: 宏重定义
C:\Program Files (x86)\Windows Kits\10\Include\10.0.22000.0\um\winuser.h(11077,1): message : 参见“IDI_ASTERISK”的前一个定义
D:\vs\vs项目\学生选课管理系统\VS项目文件\学生选课管理系统\resource.h(1589,1): warning C4005: “IDI_WINLOGO”: 宏重定义
C:\Program Files (x86)\Windows Kits\10\Include\10.0.22000.0\um\winuser.h(11079,1): message : 参见“IDI_WINLOGO”的前一个定义
D:\vs\vs项目\学生选课管理系统\VS项目文件\学生选课管理系统\resource.h(1591,1): warning C4005: “IDI_SHIELD”: 宏重定义
C:\Program Files (x86)\Windows Kits\10\Include\10.0.22000.0\um\winuser.h(11082,1): message : 参见“IDI_SHIELD”的前一个定义
D:\vs\vs项目\学生选课管理系统\VS项目文件\学生选课管理系统\resource.h(1666,1): warning C4005: “HTERROR”: 宏重定义
C:\Program Files (x86)\Windows Kits\10\Include\10.0.22000.0\um\winuser.h(2564,1): message : 参见“HTERROR”的前一个定义
D:\vs\vs项目\学生选课管理系统\VS项目文件\学生选课管理系统\resource.h(1668,1): warning C4005: “PWR_FAIL”: 宏重定义
C:\Program Files (x86)\Windows Kits\10\Include\10.0.22000.0\um\winuser.h(2074,1): message : 参见“PWR_FAIL”的前一个定义
D:\vs\vs项目\学生选课管理系统\VS项目文件\学生选课管理系统\resource.h(1669,1): warning C4005: “HTTRANSPARENT”: 宏重定义
C:\Program Files (x86)\Windows Kits\10\Include\10.0.22000.0\um\winuser.h(2565,1): message : 参见“HTTRANSPARENT”的前一个定义
  DengLu1.cpp
D:\vs\vs项目\学生选课管理系统\VS项目文件\学生选课管理系统\resource.h(39,1): warning C4005: “CREATEPROCESS_MANIFEST_RESOURCE_ID”: 宏重定义
C:\Program Files (x86)\Windows Kits\10\Include\10.0.22000.0\um\winuser.h(283,1): message : 参见“CREATEPROCESS_MANIFEST_RESOURCE_ID”的前一个定义
D:\vs\vs项目\学生选课管理系统\VS项目文件\学生选课管理系统\resource.h(40,1): warning C4005: “MINIMUM_RESERVED_MANIFEST_RESOURCE_ID”: 宏重定义
C:\Program Files (x86)\Windows Kits\10\Include\10.0.22000.0\um\winuser.h(288,1): message : 参见“MINIMUM_RESERVED_MANIFEST_RESOURCE_ID”的前一个定义
D:\vs\vs项目\学生选课管理系统\VS项目文件\学生选课管理系统\resource.h(224,1): warning C4005: “ISOLATIONAWARE_MANIFEST_RESOURCE_ID”: 宏重定义
C:\Program Files (x86)\Windows Kits\10\Include\10.0.22000.0\um\winuser.h(284,1): message : 参见“ISOLATIONAWARE_MANIFEST_RESOURCE_ID”的前一个定义
D:\vs\vs项目\学生选课管理系统\VS项目文件\学生选课管理系统\resource.h(313,1): warning C4005: “ISOLATIONAWARE_NOSTATICIMPORT_MANIFEST_RESOURCE_ID”: 宏重定义
C:\Program Files (x86)\Windows Kits\10\Include\10.0.22000.0\um\winuser.h(285,1): message : 参见“ISOLATIONAWARE_NOSTATICIMPORT_MANIFEST_RESOURCE_ID”的前一个定义
D:\vs\vs项目\学生选课管理系统\VS项目文件\学生选课管理系统\resource.h(348,1): warning C4005: “ISOLATIONPOLICY_MANIFEST_RESOURCE_ID”: 宏重定义
C:\Program Files (x86)\Windows Kits\10\Include\10.0.22000.0\um\winuser.h(286,1): message : 参见“ISOLATIONPOLICY_MANIFEST_RESOURCE_ID”的前一个定义
D:\vs\vs项目\学生选课管理系统\VS项目文件\学生选课管理系统\resource.h(398,1): warning C4005: “ISOLATIONPOLICY_BROWSER_MANIFEST_RESOURCE_ID”: 宏重定义
C:\Program Files (x86)\Windows Kits\10\Include\10.0.22000.0\um\winuser.h(287,1): message : 参见“ISOLATIONPOLICY_BROWSER_MANIFEST_RESOURCE_ID”的前一个定义
D:\vs\vs项目\学生选课管理系统\VS项目文件\学生选课管理系统\resource.h(546,1): warning C4005: “MAXIMUM_RESERVED_MANIFEST_RESOURCE_ID”: 宏重定义
C:\Program Files (x86)\Windows Kits\10\Include\10.0.22000.0\um\winuser.h(289,1): message : 参见“MAXIMUM_RESERVED_MANIFEST_RESOURCE_ID”的前一个定义
D:\vs\vs项目\学生选课管理系统\VS项目文件\学生选课管理系统\resource.h(610,1): warning C4005: “RT_MANIFEST”: 宏重定义
C:\Program Files (x86)\Windows Kits\10\Include\10.0.22000.0\um\winuser.h(282,1): message : 参见“RT_MANIFEST”的前一个定义
D:\vs\vs项目\学生选课管理系统\VS项目文件\学生选课管理系统\resource.h(1541,1): warning C4005: “_WIN32_IE”: 宏重定义
D:\vs\Visual Studio IDE\VC\Tools\MSVC\14.35.32215\atlmfc\include\afxdlgs.h(30,1): message : 参见“_WIN32_IE”的前一个定义
D:\vs\vs项目\学生选课管理系统\VS项目文件\学生选课管理系统\resource.h(1575,1): warning C4005: “IDI_APPLICATION”: 宏重定义
C:\Program Files (x86)\Windows Kits\10\Include\10.0.22000.0\um\winuser.h(11073,1): message : 参见“IDI_APPLICATION”的前一个定义
D:\vs\vs项目\学生选课管理系统\VS项目文件\学生选课管理系统\resource.h(1578,1): warning C4005: “IDI_HAND”: 宏重定义
C:\Program Files (x86)\Windows Kits\10\Include\10.0.22000.0\um\winuser.h(11074,1): message : 参见“IDI_HAND”的前一个定义
D:\vs\vs项目\学生选课管理系统\VS项目文件\学生选课管理系统\resource.h(1581,1): warning C4005: “IDI_QUESTION”: 宏重定义
C:\Program Files (x86)\Windows Kits\10\Include\10.0.22000.0\um\winuser.h(11075,1): message : 参见“IDI_QUESTION”的前一个定义
D:\vs\vs项目\学生选课管理系统\VS项目文件\学生选课管理系统\resource.h(1584,1): warning C4005: “IDI_EXCLAMATION”: 宏重定义
C:\Program Files (x86)\Windows Kits\10\Include\10.0.22000.0\um\winuser.h(11076,1): message : 参见“IDI_EXCLAMATION”的前一个定义
D:\vs\vs项目\学生选课管理系统\VS项目文件\学生选课管理系统\resource.h(1587,1): warning C4005: “IDI_ASTERISK”: 宏重定义
C:\Program Files (x86)\Windows Kits\10\Include\10.0.22000.0\um\winuser.h(11077,1): message : 参见“IDI_ASTERISK”的前一个定义
D:\vs\vs项目\学生选课管理系统\VS项目文件\学生选课管理系统\resource.h(1589,1): warning C4005: “IDI_WINLOGO”: 宏重定义
C:\Program Files (x86)\Windows Kits\10\Include\10.0.22000.0\um\winuser.h(11079,1): message : 参见“IDI_WINLOGO”的前一个定义
D:\vs\vs项目\学生选课管理系统\VS项目文件\学生选课管理系统\resource.h(1591,1): warning C4005: “IDI_SHIELD”: 宏重定义
C:\Program Files (x86)\Windows Kits\10\Include\10.0.22000.0\um\winuser.h(11082,1): message : 参见“IDI_SHIELD”的前一个定义
D:\vs\vs项目\学生选课管理系统\VS项目文件\学生选课管理系统\resource.h(1666,1): warning C4005: “HTERROR”: 宏重定义
C:\Program Files (x86)\Windows Kits\10\Include\10.0.22000.0\um\winuser.h(2564,1): message : 参见“HTERROR”的前一个定义
D:\vs\vs项目\学生选课管理系统\VS项目文件\学生选课管理系统\resource.h(1668,1): warning C4005: “PWR_FAIL”: 宏重定义
C:\Program Files (x86)\Windows Kits\10\Include\10.0.22000.0\um\winuser.h(2074,1): message : 参见“PWR_FAIL”的前一个定义
D:\vs\vs项目\学生选课管理系统\VS项目文件\学生选课管理系统\resource.h(1669,1): warning C4005: “HTTRANSPARENT”: 宏重定义
C:\Program Files (x86)\Windows Kits\10\Include\10.0.22000.0\um\winuser.h(2565,1): message : 参见“HTTRANSPARENT”的前一个定义
  DengLu_ZhuCe.cpp
D:\vs\vs项目\学生选课管理系统\VS项目文件\学生选课管理系统\resource.h(39,1): warning C4005: “CREATEPROCESS_MANIFEST_RESOURCE_ID”: 宏重定义
C:\Program Files (x86)\Windows Kits\10\Include\10.0.22000.0\um\winuser.h(283,1): message : 参见“CREATEPROCESS_MANIFEST_RESOURCE_ID”的前一个定义
D:\vs\vs项目\学生选课管理系统\VS项目文件\学生选课管理系统\resource.h(40,1): warning C4005: “MINIMUM_RESERVED_MANIFEST_RESOURCE_ID”: 宏重定义
C:\Program Files (x86)\Windows Kits\10\Include\10.0.22000.0\um\winuser.h(288,1): message : 参见“MINIMUM_RESERVED_MANIFEST_RESOURCE_ID”的前一个定义
D:\vs\vs项目\学生选课管理系统\VS项目文件\学生选课管理系统\resource.h(224,1): warning C4005: “ISOLATIONAWARE_MANIFEST_RESOURCE_ID”: 宏重定义
C:\Program Files (x86)\Windows Kits\10\Include\10.0.22000.0\um\winuser.h(284,1): message : 参见“ISOLATIONAWARE_MANIFEST_RESOURCE_ID”的前一个定义
D:\vs\vs项目\学生选课管理系统\VS项目文件\学生选课管理系统\resource.h(313,1): warning C4005: “ISOLATIONAWARE_NOSTATICIMPORT_MANIFEST_RESOURCE_ID”: 宏重定义
C:\Program Files (x86)\Windows Kits\10\Include\10.0.22000.0\um\winuser.h(285,1): message : 参见“ISOLATIONAWARE_NOSTATICIMPORT_MANIFEST_RESOURCE_ID”的前一个定义
D:\vs\vs项目\学生选课管理系统\VS项目文件\学生选课管理系统\resource.h(348,1): warning C4005: “ISOLATIONPOLICY_MANIFEST_RESOURCE_ID”: 宏重定义
C:\Program Files (x86)\Windows Kits\10\Include\10.0.22000.0\um\winuser.h(286,1): message : 参见“ISOLATIONPOLICY_MANIFEST_RESOURCE_ID”的前一个定义
D:\vs\vs项目\学生选课管理系统\VS项目文件\学生选课管理系统\resource.h(398,1): warning C4005: “ISOLATIONPOLICY_BROWSER_MANIFEST_RESOURCE_ID”: 宏重定义
C:\Program Files (x86)\Windows Kits\10\Include\10.0.22000.0\um\winuser.h(287,1): message : 参见“ISOLATIONPOLICY_BROWSER_MANIFEST_RESOURCE_ID”的前一个定义
D:\vs\vs项目\学生选课管理系统\VS项目文件\学生选课管理系统\resource.h(546,1): warning C4005: “MAXIMUM_RESERVED_MANIFEST_RESOURCE_ID”: 宏重定义
C:\Program Files (x86)\Windows Kits\10\Include\10.0.22000.0\um\winuser.h(289,1): message : 参见“MAXIMUM_RESERVED_MANIFEST_RESOURCE_ID”的前一个定义
D:\vs\vs项目\学生选课管理系统\VS项目文件\学生选课管理系统\resource.h(610,1): warning C4005: “RT_MANIFEST”: 宏重定义
C:\Program Files (x86)\Windows Kits\10\Include\10.0.22000.0\um\winuser.h(282,1): message : 参见“RT_MANIFEST”的前一个定义
D:\vs\vs项目\学生选课管理系统\VS项目文件\学生选课管理系统\resource.h(1541,1): warning C4005: “_WIN32_IE”: 宏重定义
D:\vs\Visual Studio IDE\VC\Tools\MSVC\14.35.32215\atlmfc\include\afxdlgs.h(30,1): message : 参见“_WIN32_IE”的前一个定义
D:\vs\vs项目\学生选课管理系统\VS项目文件\学生选课管理系统\resource.h(1575,1): warning C4005: “IDI_APPLICATION”: 宏重定义
C:\Program Files (x86)\Windows Kits\10\Include\10.0.22000.0\um\winuser.h(11073,1): message : 参见“IDI_APPLICATION”的前一个定义
D:\vs\vs项目\学生选课管理系统\VS项目文件\学生选课管理系统\resource.h(1578,1): warning C4005: “IDI_HAND”: 宏重定义
C:\Program Files (x86)\Windows Kits\10\Include\10.0.22000.0\um\winuser.h(11074,1): message : 参见“IDI_HAND”的前一个定义
D:\vs\vs项目\学生选课管理系统\VS项目文件\学生选课管理系统\resource.h(1581,1): warning C4005: “IDI_QUESTION”: 宏重定义
C:\Program Files (x86)\Windows Kits\10\Include\10.0.22000.0\um\winuser.h(11075,1): message : 参见“IDI_QUESTION”的前一个定义
D:\vs\vs项目\学生选课管理系统\VS项目文件\学生选课管理系统\resource.h(1584,1): warning C4005: “IDI_EXCLAMATION”: 宏重定义
C:\Program Files (x86)\Windows Kits\10\Include\10.0.22000.0\um\winuser.h(11076,1): message : 参见“IDI_EXCLAMATION”的前一个定义
D:\vs\vs项目\学生选课管理系统\VS项目文件\学生选课管理系统\resource.h(1587,1): warning C4005: “IDI_ASTERISK”: 宏重定义
C:\Program Files (x86)\Windows Kits\10\Include\10.0.22000.0\um\winuser.h(11077,1): message : 参见“IDI_ASTERISK”的前一个定义
D:\vs\vs项目\学生选课管理系统\VS项目文件\学生选课管理系统\resource.h(1589,1): warning C4005: “IDI_WINLOGO”: 宏重定义
C:\Program Files (x86)\Windows Kits\10\Include\10.0.22000.0\um\winuser.h(11079,1): message : 参见“IDI_WINLOGO”的前一个定义
D:\vs\vs项目\学生选课管理系统\VS项目文件\学生选课管理系统\resource.h(1591,1): warning C4005: “IDI_SHIELD”: 宏重定义
C:\Program Files (x86)\Windows Kits\10\Include\10.0.22000.0\um\winuser.h(11082,1): message : 参见“IDI_SHIELD”的前一个定义
D:\vs\vs项目\学生选课管理系统\VS项目文件\学生选课管理系统\resource.h(1666,1): warning C4005: “HTERROR”: 宏重定义
C:\Program Files (x86)\Windows Kits\10\Include\10.0.22000.0\um\winuser.h(2564,1): message : 参见“HTERROR”的前一个定义
D:\vs\vs项目\学生选课管理系统\VS项目文件\学生选课管理系统\resource.h(1668,1): warning C4005: “PWR_FAIL”: 宏重定义
C:\Program Files (x86)\Windows Kits\10\Include\10.0.22000.0\um\winuser.h(2074,1): message : 参见“PWR_FAIL”的前一个定义
D:\vs\vs项目\学生选课管理系统\VS项目文件\学生选课管理系统\resource.h(1669,1): warning C4005: “HTTRANSPARENT”: 宏重定义
C:\Program Files (x86)\Windows Kits\10\Include\10.0.22000.0\um\winuser.h(2565,1): message : 参见“HTTRANSPARENT”的前一个定义
  Fa_Bu_Ke_Cheng.cpp
D:\vs\vs项目\学生选课管理系统\VS项目文件\学生选课管理系统\resource.h(39,1): warning C4005: “CREATEPROCESS_MANIFEST_RESOURCE_ID”: 宏重定义
C:\Program Files (x86)\Windows Kits\10\Include\10.0.22000.0\um\winuser.h(283,1): message : 参见“CREATEPROCESS_MANIFEST_RESOURCE_ID”的前一个定义
D:\vs\vs项目\学生选课管理系统\VS项目文件\学生选课管理系统\resource.h(40,1): warning C4005: “MINIMUM_RESERVED_MANIFEST_RESOURCE_ID”: 宏重定义
C:\Program Files (x86)\Windows Kits\10\Include\10.0.22000.0\um\winuser.h(288,1): message : 参见“MINIMUM_RESERVED_MANIFEST_RESOURCE_ID”的前一个定义
D:\vs\vs项目\学生选课管理系统\VS项目文件\学生选课管理系统\resource.h(224,1): warning C4005: “ISOLATIONAWARE_MANIFEST_RESOURCE_ID”: 宏重定义
C:\Program Files (x86)\Windows Kits\10\Include\10.0.22000.0\um\winuser.h(284,1): message : 参见“ISOLATIONAWARE_MANIFEST_RESOURCE_ID”的前一个定义
D:\vs\vs项目\学生选课管理系统\VS项目文件\学生选课管理系统\resource.h(313,1): warning C4005: “ISOLATIONAWARE_NOSTATICIMPORT_MANIFEST_RESOURCE_ID”: 宏重定义
C:\Program Files (x86)\Windows Kits\10\Include\10.0.22000.0\um\winuser.h(285,1): message : 参见“ISOLATIONAWARE_NOSTATICIMPORT_MANIFEST_RESOURCE_ID”的前一个定义
D:\vs\vs项目\学生选课管理系统\VS项目文件\学生选课管理系统\resource.h(348,1): warning C4005: “ISOLATIONPOLICY_MANIFEST_RESOURCE_ID”: 宏重定义
C:\Program Files (x86)\Windows Kits\10\Include\10.0.22000.0\um\winuser.h(286,1): message : 参见“ISOLATIONPOLICY_MANIFEST_RESOURCE_ID”的前一个定义
D:\vs\vs项目\学生选课管理系统\VS项目文件\学生选课管理系统\resource.h(398,1): warning C4005: “ISOLATIONPOLICY_BROWSER_MANIFEST_RESOURCE_ID”: 宏重定义
C:\Program Files (x86)\Windows Kits\10\Include\10.0.22000.0\um\winuser.h(287,1): message : 参见“ISOLATIONPOLICY_BROWSER_MANIFEST_RESOURCE_ID”的前一个定义
D:\vs\vs项目\学生选课管理系统\VS项目文件\学生选课管理系统\resource.h(546,1): warning C4005: “MAXIMUM_RESERVED_MANIFEST_RESOURCE_ID”: 宏重定义
C:\Program Files (x86)\Windows Kits\10\Include\10.0.22000.0\um\winuser.h(289,1): message : 参见“MAXIMUM_RESERVED_MANIFEST_RESOURCE_ID”的前一个定义
D:\vs\vs项目\学生选课管理系统\VS项目文件\学生选课管理系统\resource.h(610,1): warning C4005: “RT_MANIFEST”: 宏重定义
C:\Program Files (x86)\Windows Kits\10\Include\10.0.22000.0\um\winuser.h(282,1): message : 参见“RT_MANIFEST”的前一个定义
D:\vs\vs项目\学生选课管理系统\VS项目文件\学生选课管理系统\resource.h(1541,1): warning C4005: “_WIN32_IE”: 宏重定义
D:\vs\Visual Studio IDE\VC\Tools\MSVC\14.35.32215\atlmfc\include\afxdlgs.h(30,1): message : 参见“_WIN32_IE”的前一个定义
D:\vs\vs项目\学生选课管理系统\VS项目文件\学生选课管理系统\resource.h(1575,1): warning C4005: “IDI_APPLICATION”: 宏重定义
C:\Program Files (x86)\Windows Kits\10\Include\10.0.22000.0\um\winuser.h(11073,1): message : 参见“IDI_APPLICATION”的前一个定义
D:\vs\vs项目\学生选课管理系统\VS项目文件\学生选课管理系统\resource.h(1578,1): warning C4005: “IDI_HAND”: 宏重定义
C:\Program Files (x86)\Windows Kits\10\Include\10.0.22000.0\um\winuser.h(11074,1): message : 参见“IDI_HAND”的前一个定义
D:\vs\vs项目\学生选课管理系统\VS项目文件\学生选课管理系统\resource.h(1581,1): warning C4005: “IDI_QUESTION”: 宏重定义
C:\Program Files (x86)\Windows Kits\10\Include\10.0.22000.0\um\winuser.h(11075,1): message : 参见“IDI_QUESTION”的前一个定义
D:\vs\vs项目\学生选课管理系统\VS项目文件\学生选课管理系统\resource.h(1584,1): warning C4005: “IDI_EXCLAMATION”: 宏重定义
C:\Program Files (x86)\Windows Kits\10\Include\10.0.22000.0\um\winuser.h(11076,1): message : 参见“IDI_EXCLAMATION”的前一个定义
D:\vs\vs项目\学生选课管理系统\VS项目文件\学生选课管理系统\resource.h(1587,1): warning C4005: “IDI_ASTERISK”: 宏重定义
C:\Program Files (x86)\Windows Kits\10\Include\10.0.22000.0\um\winuser.h(11077,1): message : 参见“IDI_ASTERISK”的前一个定义
D:\vs\vs项目\学生选课管理系统\VS项目文件\学生选课管理系统\resource.h(1589,1): warning C4005: “IDI_WINLOGO”: 宏重定义
C:\Program Files (x86)\Windows Kits\10\Include\10.0.22000.0\um\winuser.h(11079,1): message : 参见“IDI_WINLOGO”的前一个定义
D:\vs\vs项目\学生选课管理系统\VS项目文件\学生选课管理系统\resource.h(1591,1): warning C4005: “IDI_SHIELD”: 宏重定义
C:\Program Files (x86)\Windows Kits\10\Include\10.0.22000.0\um\winuser.h(11082,1): message : 参见“IDI_SHIELD”的前一个定义
D:\vs\vs项目\学生选课管理系统\VS项目文件\学生选课管理系统\resource.h(1666,1): warning C4005: “HTERROR”: 宏重定义
C:\Program Files (x86)\Windows Kits\10\Include\10.0.22000.0\um\winuser.h(2564,1): message : 参见“HTERROR”的前一个定义
D:\vs\vs项目\学生选课管理系统\VS项目文件\学生选课管理系统\resource.h(1668,1): warning C4005: “PWR_FAIL”: 宏重定义
C:\Program Files (x86)\Windows Kits\10\Include\10.0.22000.0\um\winuser.h(2074,1): message : 参见“PWR_FAIL”的前一个定义
D:\vs\vs项目\学生选课管理系统\VS项目文件\学生选课管理系统\resource.h(1669,1): warning C4005: “HTTRANSPARENT”: 宏重定义
C:\Program Files (x86)\Windows Kits\10\Include\10.0.22000.0\um\winuser.h(2565,1): message : 参见“HTTRANSPARENT”的前一个定义
  Jiao_Shi_Cao_Zuo.cpp
D:\vs\vs项目\学生选课管理系统\VS项目文件\学生选课管理系统\resource.h(39,1): warning C4005: “CREATEPROCESS_MANIFEST_RESOURCE_ID”: 宏重定义
C:\Program Files (x86)\Windows Kits\10\Include\10.0.22000.0\um\winuser.h(283,1): message : 参见“CREATEPROCESS_MANIFEST_RESOURCE_ID”的前一个定义
D:\vs\vs项目\学生选课管理系统\VS项目文件\学生选课管理系统\resource.h(40,1): warning C4005: “MINIMUM_RESERVED_MANIFEST_RESOURCE_ID”: 宏重定义
C:\Program Files (x86)\Windows Kits\10\Include\10.0.22000.0\um\winuser.h(288,1): message : 参见“MINIMUM_RESERVED_MANIFEST_RESOURCE_ID”的前一个定义
D:\vs\vs项目\学生选课管理系统\VS项目文件\学生选课管理系统\resource.h(224,1): warning C4005: “ISOLATIONAWARE_MANIFEST_RESOURCE_ID”: 宏重定义
C:\Program Files (x86)\Windows Kits\10\Include\10.0.22000.0\um\winuser.h(284,1): message : 参见“ISOLATIONAWARE_MANIFEST_RESOURCE_ID”的前一个定义
D:\vs\vs项目\学生选课管理系统\VS项目文件\学生选课管理系统\resource.h(313,1): warning C4005: “ISOLATIONAWARE_NOSTATICIMPORT_MANIFEST_RESOURCE_ID”: 宏重定义
C:\Program Files (x86)\Windows Kits\10\Include\10.0.22000.0\um\winuser.h(285,1): message : 参见“ISOLATIONAWARE_NOSTATICIMPORT_MANIFEST_RESOURCE_ID”的前一个定义
D:\vs\vs项目\学生选课管理系统\VS项目文件\学生选课管理系统\resource.h(348,1): warning C4005: “ISOLATIONPOLICY_MANIFEST_RESOURCE_ID”: 宏重定义
C:\Program Files (x86)\Windows Kits\10\Include\10.0.22000.0\um\winuser.h(286,1): message : 参见“ISOLATIONPOLICY_MANIFEST_RESOURCE_ID”的前一个定义
D:\vs\vs项目\学生选课管理系统\VS项目文件\学生选课管理系统\resource.h(398,1): warning C4005: “ISOLATIONPOLICY_BROWSER_MANIFEST_RESOURCE_ID”: 宏重定义
C:\Program Files (x86)\Windows Kits\10\Include\10.0.22000.0\um\winuser.h(287,1): message : 参见“ISOLATIONPOLICY_BROWSER_MANIFEST_RESOURCE_ID”的前一个定义
D:\vs\vs项目\学生选课管理系统\VS项目文件\学生选课管理系统\resource.h(546,1): warning C4005: “MAXIMUM_RESERVED_MANIFEST_RESOURCE_ID”: 宏重定义
C:\Program Files (x86)\Windows Kits\10\Include\10.0.22000.0\um\winuser.h(289,1): message : 参见“MAXIMUM_RESERVED_MANIFEST_RESOURCE_ID”的前一个定义
D:\vs\vs项目\学生选课管理系统\VS项目文件\学生选课管理系统\resource.h(610,1): warning C4005: “RT_MANIFEST”: 宏重定义
C:\Program Files (x86)\Windows Kits\10\Include\10.0.22000.0\um\winuser.h(282,1): message : 参见“RT_MANIFEST”的前一个定义
D:\vs\vs项目\学生选课管理系统\VS项目文件\学生选课管理系统\resource.h(1541,1): warning C4005: “_WIN32_IE”: 宏重定义
D:\vs\Visual Studio IDE\VC\Tools\MSVC\14.35.32215\atlmfc\include\afxdlgs.h(30,1): message : 参见“_WIN32_IE”的前一个定义
D:\vs\vs项目\学生选课管理系统\VS项目文件\学生选课管理系统\resource.h(1575,1): warning C4005: “IDI_APPLICATION”: 宏重定义
C:\Program Files (x86)\Windows Kits\10\Include\10.0.22000.0\um\winuser.h(11073,1): message : 参见“IDI_APPLICATION”的前一个定义
D:\vs\vs项目\学生选课管理系统\VS项目文件\学生选课管理系统\resource.h(1578,1): warning C4005: “IDI_HAND”: 宏重定义
C:\Program Files (x86)\Windows Kits\10\Include\10.0.22000.0\um\winuser.h(11074,1): message : 参见“IDI_HAND”的前一个定义
D:\vs\vs项目\学生选课管理系统\VS项目文件\学生选课管理系统\resource.h(1581,1): warning C4005: “IDI_QUESTION”: 宏重定义
C:\Program Files (x86)\Windows Kits\10\Include\10.0.22000.0\um\winuser.h(11075,1): message : 参见“IDI_QUESTION”的前一个定义
D:\vs\vs项目\学生选课管理系统\VS项目文件\学生选课管理系统\resource.h(1584,1): warning C4005: “IDI_EXCLAMATION”: 宏重定义
C:\Program Files (x86)\Windows Kits\10\Include\10.0.22000.0\um\winuser.h(11076,1): message : 参见“IDI_EXCLAMATION”的前一个定义
D:\vs\vs项目\学生选课管理系统\VS项目文件\学生选课管理系统\resource.h(1587,1): warning C4005: “IDI_ASTERISK”: 宏重定义
C:\Program Files (x86)\Windows Kits\10\Include\10.0.22000.0\um\winuser.h(11077,1): message : 参见“IDI_ASTERISK”的前一个定义
D:\vs\vs项目\学生选课管理系统\VS项目文件\学生选课管理系统\resource.h(1589,1): warning C4005: “IDI_WINLOGO”: 宏重定义
C:\Program Files (x86)\Windows Kits\10\Include\10.0.22000.0\um\winuser.h(11079,1): message : 参见“IDI_WINLOGO”的前一个定义
D:\vs\vs项目\学生选课管理系统\VS项目文件\学生选课管理系统\resource.h(1591,1): warning C4005: “IDI_SHIELD”: 宏重定义
C:\Program Files (x86)\Windows Kits\10\Include\10.0.22000.0\um\winuser.h(11082,1): message : 参见“IDI_SHIELD”的前一个定义
D:\vs\vs项目\学生选课管理系统\VS项目文件\学生选课管理系统\resource.h(1666,1): warning C4005: “HTERROR”: 宏重定义
C:\Program Files (x86)\Windows Kits\10\Include\10.0.22000.0\um\winuser.h(2564,1): message : 参见“HTERROR”的前一个定义
D:\vs\vs项目\学生选课管理系统\VS项目文件\学生选课管理系统\resource.h(1668,1): warning C4005: “PWR_FAIL”: 宏重定义
C:\Program Files (x86)\Windows Kits\10\Include\10.0.22000.0\um\winuser.h(2074,1): message : 参见“PWR_FAIL”的前一个定义
D:\vs\vs项目\学生选课管理系统\VS项目文件\学生选课管理系统\resource.h(1669,1): warning C4005: “HTTRANSPARENT”: 宏重定义
C:\Program Files (x86)\Windows Kits\10\Include\10.0.22000.0\um\winuser.h(2565,1): message : 参见“HTTRANSPARENT”的前一个定义
  Jiao_Shi_Cha_Kan_Ke_Cheng.cpp
D:\vs\vs项目\学生选课管理系统\VS项目文件\学生选课管理系统\resource.h(39,1): warning C4005: “CREATEPROCESS_MANIFEST_RESOURCE_ID”: 宏重定义
C:\Program Files (x86)\Windows Kits\10\Include\10.0.22000.0\um\winuser.h(283,1): message : 参见“CREATEPROCESS_MANIFEST_RESOURCE_ID”的前一个定义
D:\vs\vs项目\学生选课管理系统\VS项目文件\学生选课管理系统\resource.h(40,1): warning C4005: “MINIMUM_RESERVED_MANIFEST_RESOURCE_ID”: 宏重定义
C:\Program Files (x86)\Windows Kits\10\Include\10.0.22000.0\um\winuser.h(288,1): message : 参见“MINIMUM_RESERVED_MANIFEST_RESOURCE_ID”的前一个定义
D:\vs\vs项目\学生选课管理系统\VS项目文件\学生选课管理系统\resource.h(224,1): warning C4005: “ISOLATIONAWARE_MANIFEST_RESOURCE_ID”: 宏重定义
C:\Program Files (x86)\Windows Kits\10\Include\10.0.22000.0\um\winuser.h(284,1): message : 参见“ISOLATIONAWARE_MANIFEST_RESOURCE_ID”的前一个定义
D:\vs\vs项目\学生选课管理系统\VS项目文件\学生选课管理系统\resource.h(313,1): warning C4005: “ISOLATIONAWARE_NOSTATICIMPORT_MANIFEST_RESOURCE_ID”: 宏重定义
C:\Program Files (x86)\Windows Kits\10\Include\10.0.22000.0\um\winuser.h(285,1): message : 参见“ISOLATIONAWARE_NOSTATICIMPORT_MANIFEST_RESOURCE_ID”的前一个定义
D:\vs\vs项目\学生选课管理系统\VS项目文件\学生选课管理系统\resource.h(348,1): warning C4005: “ISOLATIONPOLICY_MANIFEST_RESOURCE_ID”: 宏重定义
C:\Program Files (x86)\Windows Kits\10\Include\10.0.22000.0\um\winuser.h(286,1): message : 参见“ISOLATIONPOLICY_MANIFEST_RESOURCE_ID”的前一个定义
D:\vs\vs项目\学生选课管理系统\VS项目文件\学生选课管理系统\resource.h(398,1): warning C4005: “ISOLATIONPOLICY_BROWSER_MANIFEST_RESOURCE_ID”: 宏重定义
C:\Program Files (x86)\Windows Kits\10\Include\10.0.22000.0\um\winuser.h(287,1): message : 参见“ISOLATIONPOLICY_BROWSER_MANIFEST_RESOURCE_ID”的前一个定义
D:\vs\vs项目\学生选课管理系统\VS项目文件\学生选课管理系统\resource.h(546,1): warning C4005: “MAXIMUM_RESERVED_MANIFEST_RESOURCE_ID”: 宏重定义
C:\Program Files (x86)\Windows Kits\10\Include\10.0.22000.0\um\winuser.h(289,1): message : 参见“MAXIMUM_RESERVED_MANIFEST_RESOURCE_ID”的前一个定义
D:\vs\vs项目\学生选课管理系统\VS项目文件\学生选课管理系统\resource.h(610,1): warning C4005: “RT_MANIFEST”: 宏重定义
C:\Program Files (x86)\Windows Kits\10\Include\10.0.22000.0\um\winuser.h(282,1): message : 参见“RT_MANIFEST”的前一个定义
D:\vs\vs项目\学生选课管理系统\VS项目文件\学生选课管理系统\resource.h(1541,1): warning C4005: “_WIN32_IE”: 宏重定义
D:\vs\Visual Studio IDE\VC\Tools\MSVC\14.35.32215\atlmfc\include\afxdlgs.h(30,1): message : 参见“_WIN32_IE”的前一个定义
D:\vs\vs项目\学生选课管理系统\VS项目文件\学生选课管理系统\resource.h(1575,1): warning C4005: “IDI_APPLICATION”: 宏重定义
C:\Program Files (x86)\Windows Kits\10\Include\10.0.22000.0\um\winuser.h(11073,1): message : 参见“IDI_APPLICATION”的前一个定义
D:\vs\vs项目\学生选课管理系统\VS项目文件\学生选课管理系统\resource.h(1578,1): warning C4005: “IDI_HAND”: 宏重定义
C:\Program Files (x86)\Windows Kits\10\Include\10.0.22000.0\um\winuser.h(11074,1): message : 参见“IDI_HAND”的前一个定义
D:\vs\vs项目\学生选课管理系统\VS项目文件\学生选课管理系统\resource.h(1581,1): warning C4005: “IDI_QUESTION”: 宏重定义
C:\Program Files (x86)\Windows Kits\10\Include\10.0.22000.0\um\winuser.h(11075,1): message : 参见“IDI_QUESTION”的前一个定义
D:\vs\vs项目\学生选课管理系统\VS项目文件\学生选课管理系统\resource.h(1584,1): warning C4005: “IDI_EXCLAMATION”: 宏重定义
C:\Program Files (x86)\Windows Kits\10\Include\10.0.22000.0\um\winuser.h(11076,1): message : 参见“IDI_EXCLAMATION”的前一个定义
D:\vs\vs项目\学生选课管理系统\VS项目文件\学生选课管理系统\resource.h(1587,1): warning C4005: “IDI_ASTERISK”: 宏重定义
C:\Program Files (x86)\Windows Kits\10\Include\10.0.22000.0\um\winuser.h(11077,1): message : 参见“IDI_ASTERISK”的前一个定义
D:\vs\vs项目\学生选课管理系统\VS项目文件\学生选课管理系统\resource.h(1589,1): warning C4005: “IDI_WINLOGO”: 宏重定义
C:\Program Files (x86)\Windows Kits\10\Include\10.0.22000.0\um\winuser.h(11079,1): message : 参见“IDI_WINLOGO”的前一个定义
D:\vs\vs项目\学生选课管理系统\VS项目文件\学生选课管理系统\resource.h(1591,1): warning C4005: “IDI_SHIELD”: 宏重定义
C:\Program Files (x86)\Windows Kits\10\Include\10.0.22000.0\um\winuser.h(11082,1): message : 参见“IDI_SHIELD”的前一个定义
D:\vs\vs项目\学生选课管理系统\VS项目文件\学生选课管理系统\resource.h(1666,1): warning C4005: “HTERROR”: 宏重定义
C:\Program Files (x86)\Windows Kits\10\Include\10.0.22000.0\um\winuser.h(2564,1): message : 参见“HTERROR”的前一个定义
D:\vs\vs项目\学生选课管理系统\VS项目文件\学生选课管理系统\resource.h(1668,1): warning C4005: “PWR_FAIL”: 宏重定义
C:\Program Files (x86)\Windows Kits\10\Include\10.0.22000.0\um\winuser.h(2074,1): message : 参见“PWR_FAIL”的前一个定义
D:\vs\vs项目\学生选课管理系统\VS项目文件\学生选课管理系统\resource.h(1669,1): warning C4005: “HTTRANSPARENT”: 宏重定义
C:\Program Files (x86)\Windows Kits\10\Include\10.0.22000.0\um\winuser.h(2565,1): message : 参见“HTTRANSPARENT”的前一个定义
  stdafx.cpp
D:\vs\vs项目\学生选课管理系统\VS项目文件\学生选课管理系统\stdafx.cpp(1,1): warning C4828: 文件包含在偏移 0xdf 处开始的字符，该字符在当前源字符集中无效(代码页 936)。
  Xiu_Gai_Ke_Cheng.cpp
D:\vs\vs项目\学生选课管理系统\VS项目文件\学生选课管理系统\resource.h(39,1): warning C4005: “CREATEPROCESS_MANIFEST_RESOURCE_ID”: 宏重定义
C:\Program Files (x86)\Windows Kits\10\Include\10.0.22000.0\um\winuser.h(283,1): message : 参见“CREATEPROCESS_MANIFEST_RESOURCE_ID”的前一个定义
D:\vs\vs项目\学生选课管理系统\VS项目文件\学生选课管理系统\resource.h(40,1): warning C4005: “MINIMUM_RESERVED_MANIFEST_RESOURCE_ID”: 宏重定义
C:\Program Files (x86)\Windows Kits\10\Include\10.0.22000.0\um\winuser.h(288,1): message : 参见“MINIMUM_RESERVED_MANIFEST_RESOURCE_ID”的前一个定义
D:\vs\vs项目\学生选课管理系统\VS项目文件\学生选课管理系统\resource.h(224,1): warning C4005: “ISOLATIONAWARE_MANIFEST_RESOURCE_ID”: 宏重定义
C:\Program Files (x86)\Windows Kits\10\Include\10.0.22000.0\um\winuser.h(284,1): message : 参见“ISOLATIONAWARE_MANIFEST_RESOURCE_ID”的前一个定义
D:\vs\vs项目\学生选课管理系统\VS项目文件\学生选课管理系统\resource.h(313,1): warning C4005: “ISOLATIONAWARE_NOSTATICIMPORT_MANIFEST_RESOURCE_ID”: 宏重定义
C:\Program Files (x86)\Windows Kits\10\Include\10.0.22000.0\um\winuser.h(285,1): message : 参见“ISOLATIONAWARE_NOSTATICIMPORT_MANIFEST_RESOURCE_ID”的前一个定义
D:\vs\vs项目\学生选课管理系统\VS项目文件\学生选课管理系统\resource.h(348,1): warning C4005: “ISOLATIONPOLICY_MANIFEST_RESOURCE_ID”: 宏重定义
C:\Program Files (x86)\Windows Kits\10\Include\10.0.22000.0\um\winuser.h(286,1): message : 参见“ISOLATIONPOLICY_MANIFEST_RESOURCE_ID”的前一个定义
D:\vs\vs项目\学生选课管理系统\VS项目文件\学生选课管理系统\resource.h(398,1): warning C4005: “ISOLATIONPOLICY_BROWSER_MANIFEST_RESOURCE_ID”: 宏重定义
C:\Program Files (x86)\Windows Kits\10\Include\10.0.22000.0\um\winuser.h(287,1): message : 参见“ISOLATIONPOLICY_BROWSER_MANIFEST_RESOURCE_ID”的前一个定义
D:\vs\vs项目\学生选课管理系统\VS项目文件\学生选课管理系统\resource.h(546,1): warning C4005: “MAXIMUM_RESERVED_MANIFEST_RESOURCE_ID”: 宏重定义
C:\Program Files (x86)\Windows Kits\10\Include\10.0.22000.0\um\winuser.h(289,1): message : 参见“MAXIMUM_RESERVED_MANIFEST_RESOURCE_ID”的前一个定义
D:\vs\vs项目\学生选课管理系统\VS项目文件\学生选课管理系统\resource.h(610,1): warning C4005: “RT_MANIFEST”: 宏重定义
C:\Program Files (x86)\Windows Kits\10\Include\10.0.22000.0\um\winuser.h(282,1): message : 参见“RT_MANIFEST”的前一个定义
D:\vs\vs项目\学生选课管理系统\VS项目文件\学生选课管理系统\resource.h(1541,1): warning C4005: “_WIN32_IE”: 宏重定义
D:\vs\Visual Studio IDE\VC\Tools\MSVC\14.35.32215\atlmfc\include\afxdlgs.h(30,1): message : 参见“_WIN32_IE”的前一个定义
D:\vs\vs项目\学生选课管理系统\VS项目文件\学生选课管理系统\resource.h(1575,1): warning C4005: “IDI_APPLICATION”: 宏重定义
C:\Program Files (x86)\Windows Kits\10\Include\10.0.22000.0\um\winuser.h(11073,1): message : 参见“IDI_APPLICATION”的前一个定义
D:\vs\vs项目\学生选课管理系统\VS项目文件\学生选课管理系统\resource.h(1578,1): warning C4005: “IDI_HAND”: 宏重定义
C:\Program Files (x86)\Windows Kits\10\Include\10.0.22000.0\um\winuser.h(11074,1): message : 参见“IDI_HAND”的前一个定义
D:\vs\vs项目\学生选课管理系统\VS项目文件\学生选课管理系统\resource.h(1581,1): warning C4005: “IDI_QUESTION”: 宏重定义
C:\Program Files (x86)\Windows Kits\10\Include\10.0.22000.0\um\winuser.h(11075,1): message : 参见“IDI_QUESTION”的前一个定义
D:\vs\vs项目\学生选课管理系统\VS项目文件\学生选课管理系统\resource.h(1584,1): warning C4005: “IDI_EXCLAMATION”: 宏重定义
C:\Program Files (x86)\Windows Kits\10\Include\10.0.22000.0\um\winuser.h(11076,1): message : 参见“IDI_EXCLAMATION”的前一个定义
D:\vs\vs项目\学生选课管理系统\VS项目文件\学生选课管理系统\resource.h(1587,1): warning C4005: “IDI_ASTERISK”: 宏重定义
C:\Program Files (x86)\Windows Kits\10\Include\10.0.22000.0\um\winuser.h(11077,1): message : 参见“IDI_ASTERISK”的前一个定义
D:\vs\vs项目\学生选课管理系统\VS项目文件\学生选课管理系统\resource.h(1589,1): warning C4005: “IDI_WINLOGO”: 宏重定义
C:\Program Files (x86)\Windows Kits\10\Include\10.0.22000.0\um\winuser.h(11079,1): message : 参见“IDI_WINLOGO”的前一个定义
D:\vs\vs项目\学生选课管理系统\VS项目文件\学生选课管理系统\resource.h(1591,1): warning C4005: “IDI_SHIELD”: 宏重定义
C:\Program Files (x86)\Windows Kits\10\Include\10.0.22000.0\um\winuser.h(11082,1): message : 参见“IDI_SHIELD”的前一个定义
D:\vs\vs项目\学生选课管理系统\VS项目文件\学生选课管理系统\resource.h(1666,1): warning C4005: “HTERROR”: 宏重定义
C:\Program Files (x86)\Windows Kits\10\Include\10.0.22000.0\um\winuser.h(2564,1): message : 参见“HTERROR”的前一个定义
D:\vs\vs项目\学生选课管理系统\VS项目文件\学生选课管理系统\resource.h(1668,1): warning C4005: “PWR_FAIL”: 宏重定义
C:\Program Files (x86)\Windows Kits\10\Include\10.0.22000.0\um\winuser.h(2074,1): message : 参见“PWR_FAIL”的前一个定义
D:\vs\vs项目\学生选课管理系统\VS项目文件\学生选课管理系统\resource.h(1669,1): warning C4005: “HTTRANSPARENT”: 宏重定义
C:\Program Files (x86)\Windows Kits\10\Include\10.0.22000.0\um\winuser.h(2565,1): message : 参见“HTTRANSPARENT”的前一个定义
  Xue_Sheng_Cao_Zuo.cpp
D:\vs\vs项目\学生选课管理系统\VS项目文件\学生选课管理系统\resource.h(39,1): warning C4005: “CREATEPROCESS_MANIFEST_RESOURCE_ID”: 宏重定义
C:\Program Files (x86)\Windows Kits\10\Include\10.0.22000.0\um\winuser.h(283,1): message : 参见“CREATEPROCESS_MANIFEST_RESOURCE_ID”的前一个定义
D:\vs\vs项目\学生选课管理系统\VS项目文件\学生选课管理系统\resource.h(40,1): warning C4005: “MINIMUM_RESERVED_MANIFEST_RESOURCE_ID”: 宏重定义
C:\Program Files (x86)\Windows Kits\10\Include\10.0.22000.0\um\winuser.h(288,1): message : 参见“MINIMUM_RESERVED_MANIFEST_RESOURCE_ID”的前一个定义
D:\vs\vs项目\学生选课管理系统\VS项目文件\学生选课管理系统\resource.h(224,1): warning C4005: “ISOLATIONAWARE_MANIFEST_RESOURCE_ID”: 宏重定义
C:\Program Files (x86)\Windows Kits\10\Include\10.0.22000.0\um\winuser.h(284,1): message : 参见“ISOLATIONAWARE_MANIFEST_RESOURCE_ID”的前一个定义
D:\vs\vs项目\学生选课管理系统\VS项目文件\学生选课管理系统\resource.h(313,1): warning C4005: “ISOLATIONAWARE_NOSTATICIMPORT_MANIFEST_RESOURCE_ID”: 宏重定义
C:\Program Files (x86)\Windows Kits\10\Include\10.0.22000.0\um\winuser.h(285,1): message : 参见“ISOLATIONAWARE_NOSTATICIMPORT_MANIFEST_RESOURCE_ID”的前一个定义
D:\vs\vs项目\学生选课管理系统\VS项目文件\学生选课管理系统\resource.h(348,1): warning C4005: “ISOLATIONPOLICY_MANIFEST_RESOURCE_ID”: 宏重定义
C:\Program Files (x86)\Windows Kits\10\Include\10.0.22000.0\um\winuser.h(286,1): message : 参见“ISOLATIONPOLICY_MANIFEST_RESOURCE_ID”的前一个定义
D:\vs\vs项目\学生选课管理系统\VS项目文件\学生选课管理系统\resource.h(398,1): warning C4005: “ISOLATIONPOLICY_BROWSER_MANIFEST_RESOURCE_ID”: 宏重定义
C:\Program Files (x86)\Windows Kits\10\Include\10.0.22000.0\um\winuser.h(287,1): message : 参见“ISOLATIONPOLICY_BROWSER_MANIFEST_RESOURCE_ID”的前一个定义
D:\vs\vs项目\学生选课管理系统\VS项目文件\学生选课管理系统\resource.h(546,1): warning C4005: “MAXIMUM_RESERVED_MANIFEST_RESOURCE_ID”: 宏重定义
C:\Program Files (x86)\Windows Kits\10\Include\10.0.22000.0\um\winuser.h(289,1): message : 参见“MAXIMUM_RESERVED_MANIFEST_RESOURCE_ID”的前一个定义
D:\vs\vs项目\学生选课管理系统\VS项目文件\学生选课管理系统\resource.h(610,1): warning C4005: “RT_MANIFEST”: 宏重定义
C:\Program Files (x86)\Windows Kits\10\Include\10.0.22000.0\um\winuser.h(282,1): message : 参见“RT_MANIFEST”的前一个定义
D:\vs\vs项目\学生选课管理系统\VS项目文件\学生选课管理系统\resource.h(1541,1): warning C4005: “_WIN32_IE”: 宏重定义
D:\vs\Visual Studio IDE\VC\Tools\MSVC\14.35.32215\atlmfc\include\afxdlgs.h(30,1): message : 参见“_WIN32_IE”的前一个定义
D:\vs\vs项目\学生选课管理系统\VS项目文件\学生选课管理系统\resource.h(1575,1): warning C4005: “IDI_APPLICATION”: 宏重定义
C:\Program Files (x86)\Windows Kits\10\Include\10.0.22000.0\um\winuser.h(11073,1): message : 参见“IDI_APPLICATION”的前一个定义
D:\vs\vs项目\学生选课管理系统\VS项目文件\学生选课管理系统\resource.h(1578,1): warning C4005: “IDI_HAND”: 宏重定义
C:\Program Files (x86)\Windows Kits\10\Include\10.0.22000.0\um\winuser.h(11074,1): message : 参见“IDI_HAND”的前一个定义
D:\vs\vs项目\学生选课管理系统\VS项目文件\学生选课管理系统\resource.h(1581,1): warning C4005: “IDI_QUESTION”: 宏重定义
C:\Program Files (x86)\Windows Kits\10\Include\10.0.22000.0\um\winuser.h(11075,1): message : 参见“IDI_QUESTION”的前一个定义
D:\vs\vs项目\学生选课管理系统\VS项目文件\学生选课管理系统\resource.h(1584,1): warning C4005: “IDI_EXCLAMATION”: 宏重定义
C:\Program Files (x86)\Windows Kits\10\Include\10.0.22000.0\um\winuser.h(11076,1): message : 参见“IDI_EXCLAMATION”的前一个定义
D:\vs\vs项目\学生选课管理系统\VS项目文件\学生选课管理系统\resource.h(1587,1): warning C4005: “IDI_ASTERISK”: 宏重定义
C:\Program Files (x86)\Windows Kits\10\Include\10.0.22000.0\um\winuser.h(11077,1): message : 参见“IDI_ASTERISK”的前一个定义
D:\vs\vs项目\学生选课管理系统\VS项目文件\学生选课管理系统\resource.h(1589,1): warning C4005: “IDI_WINLOGO”: 宏重定义
C:\Program Files (x86)\Windows Kits\10\Include\10.0.22000.0\um\winuser.h(11079,1): message : 参见“IDI_WINLOGO”的前一个定义
D:\vs\vs项目\学生选课管理系统\VS项目文件\学生选课管理系统\resource.h(1591,1): warning C4005: “IDI_SHIELD”: 宏重定义
C:\Program Files (x86)\Windows Kits\10\Include\10.0.22000.0\um\winuser.h(11082,1): message : 参见“IDI_SHIELD”的前一个定义
D:\vs\vs项目\学生选课管理系统\VS项目文件\学生选课管理系统\resource.h(1666,1): warning C4005: “HTERROR”: 宏重定义
C:\Program Files (x86)\Windows Kits\10\Include\10.0.22000.0\um\winuser.h(2564,1): message : 参见“HTERROR”的前一个定义
D:\vs\vs项目\学生选课管理系统\VS项目文件\学生选课管理系统\resource.h(1668,1): warning C4005: “PWR_FAIL”: 宏重定义
C:\Program Files (x86)\Windows Kits\10\Include\10.0.22000.0\um\winuser.h(2074,1): message : 参见“PWR_FAIL”的前一个定义
D:\vs\vs项目\学生选课管理系统\VS项目文件\学生选课管理系统\resource.h(1669,1): warning C4005: “HTTRANSPARENT”: 宏重定义
C:\Program Files (x86)\Windows Kits\10\Include\10.0.22000.0\um\winuser.h(2565,1): message : 参见“HTTRANSPARENT”的前一个定义
  Xue_Sheng_Cha_Kan_Ke_Cheng.cpp
D:\vs\vs项目\学生选课管理系统\VS项目文件\学生选课管理系统\resource.h(39,1): warning C4005: “CREATEPROCESS_MANIFEST_RESOURCE_ID”: 宏重定义
C:\Program Files (x86)\Windows Kits\10\Include\10.0.22000.0\um\winuser.h(283,1): message : 参见“CREATEPROCESS_MANIFEST_RESOURCE_ID”的前一个定义
D:\vs\vs项目\学生选课管理系统\VS项目文件\学生选课管理系统\resource.h(40,1): warning C4005: “MINIMUM_RESERVED_MANIFEST_RESOURCE_ID”: 宏重定义
C:\Program Files (x86)\Windows Kits\10\Include\10.0.22000.0\um\winuser.h(288,1): message : 参见“MINIMUM_RESERVED_MANIFEST_RESOURCE_ID”的前一个定义
D:\vs\vs项目\学生选课管理系统\VS项目文件\学生选课管理系统\resource.h(224,1): warning C4005: “ISOLATIONAWARE_MANIFEST_RESOURCE_ID”: 宏重定义
C:\Program Files (x86)\Windows Kits\10\Include\10.0.22000.0\um\winuser.h(284,1): message : 参见“ISOLATIONAWARE_MANIFEST_RESOURCE_ID”的前一个定义
D:\vs\vs项目\学生选课管理系统\VS项目文件\学生选课管理系统\resource.h(313,1): warning C4005: “ISOLATIONAWARE_NOSTATICIMPORT_MANIFEST_RESOURCE_ID”: 宏重定义
C:\Program Files (x86)\Windows Kits\10\Include\10.0.22000.0\um\winuser.h(285,1): message : 参见“ISOLATIONAWARE_NOSTATICIMPORT_MANIFEST_RESOURCE_ID”的前一个定义
D:\vs\vs项目\学生选课管理系统\VS项目文件\学生选课管理系统\resource.h(348,1): warning C4005: “ISOLATIONPOLICY_MANIFEST_RESOURCE_ID”: 宏重定义
C:\Program Files (x86)\Windows Kits\10\Include\10.0.22000.0\um\winuser.h(286,1): message : 参见“ISOLATIONPOLICY_MANIFEST_RESOURCE_ID”的前一个定义
D:\vs\vs项目\学生选课管理系统\VS项目文件\学生选课管理系统\resource.h(398,1): warning C4005: “ISOLATIONPOLICY_BROWSER_MANIFEST_RESOURCE_ID”: 宏重定义
C:\Program Files (x86)\Windows Kits\10\Include\10.0.22000.0\um\winuser.h(287,1): message : 参见“ISOLATIONPOLICY_BROWSER_MANIFEST_RESOURCE_ID”的前一个定义
D:\vs\vs项目\学生选课管理系统\VS项目文件\学生选课管理系统\resource.h(546,1): warning C4005: “MAXIMUM_RESERVED_MANIFEST_RESOURCE_ID”: 宏重定义
C:\Program Files (x86)\Windows Kits\10\Include\10.0.22000.0\um\winuser.h(289,1): message : 参见“MAXIMUM_RESERVED_MANIFEST_RESOURCE_ID”的前一个定义
D:\vs\vs项目\学生选课管理系统\VS项目文件\学生选课管理系统\resource.h(610,1): warning C4005: “RT_MANIFEST”: 宏重定义
C:\Program Files (x86)\Windows Kits\10\Include\10.0.22000.0\um\winuser.h(282,1): message : 参见“RT_MANIFEST”的前一个定义
D:\vs\vs项目\学生选课管理系统\VS项目文件\学生选课管理系统\resource.h(1541,1): warning C4005: “_WIN32_IE”: 宏重定义
D:\vs\Visual Studio IDE\VC\Tools\MSVC\14.35.32215\atlmfc\include\afxdlgs.h(30,1): message : 参见“_WIN32_IE”的前一个定义
D:\vs\vs项目\学生选课管理系统\VS项目文件\学生选课管理系统\resource.h(1575,1): warning C4005: “IDI_APPLICATION”: 宏重定义
C:\Program Files (x86)\Windows Kits\10\Include\10.0.22000.0\um\winuser.h(11073,1): message : 参见“IDI_APPLICATION”的前一个定义
D:\vs\vs项目\学生选课管理系统\VS项目文件\学生选课管理系统\resource.h(1578,1): warning C4005: “IDI_HAND”: 宏重定义
C:\Program Files (x86)\Windows Kits\10\Include\10.0.22000.0\um\winuser.h(11074,1): message : 参见“IDI_HAND”的前一个定义
D:\vs\vs项目\学生选课管理系统\VS项目文件\学生选课管理系统\resource.h(1581,1): warning C4005: “IDI_QUESTION”: 宏重定义
C:\Program Files (x86)\Windows Kits\10\Include\10.0.22000.0\um\winuser.h(11075,1): message : 参见“IDI_QUESTION”的前一个定义
D:\vs\vs项目\学生选课管理系统\VS项目文件\学生选课管理系统\resource.h(1584,1): warning C4005: “IDI_EXCLAMATION”: 宏重定义
C:\Program Files (x86)\Windows Kits\10\Include\10.0.22000.0\um\winuser.h(11076,1): message : 参见“IDI_EXCLAMATION”的前一个定义
D:\vs\vs项目\学生选课管理系统\VS项目文件\学生选课管理系统\resource.h(1587,1): warning C4005: “IDI_ASTERISK”: 宏重定义
C:\Program Files (x86)\Windows Kits\10\Include\10.0.22000.0\um\winuser.h(11077,1): message : 参见“IDI_ASTERISK”的前一个定义
D:\vs\vs项目\学生选课管理系统\VS项目文件\学生选课管理系统\resource.h(1589,1): warning C4005: “IDI_WINLOGO”: 宏重定义
C:\Program Files (x86)\Windows Kits\10\Include\10.0.22000.0\um\winuser.h(11079,1): message : 参见“IDI_WINLOGO”的前一个定义
D:\vs\vs项目\学生选课管理系统\VS项目文件\学生选课管理系统\resource.h(1591,1): warning C4005: “IDI_SHIELD”: 宏重定义
C:\Program Files (x86)\Windows Kits\10\Include\10.0.22000.0\um\winuser.h(11082,1): message : 参见“IDI_SHIELD”的前一个定义
D:\vs\vs项目\学生选课管理系统\VS项目文件\学生选课管理系统\resource.h(1666,1): warning C4005: “HTERROR”: 宏重定义
C:\Program Files (x86)\Windows Kits\10\Include\10.0.22000.0\um\winuser.h(2564,1): message : 参见“HTERROR”的前一个定义
D:\vs\vs项目\学生选课管理系统\VS项目文件\学生选课管理系统\resource.h(1668,1): warning C4005: “PWR_FAIL”: 宏重定义
C:\Program Files (x86)\Windows Kits\10\Include\10.0.22000.0\um\winuser.h(2074,1): message : 参见“PWR_FAIL”的前一个定义
D:\vs\vs项目\学生选课管理系统\VS项目文件\学生选课管理系统\resource.h(1669,1): warning C4005: “HTTRANSPARENT”: 宏重定义
C:\Program Files (x86)\Windows Kits\10\Include\10.0.22000.0\um\winuser.h(2565,1): message : 参见“HTTRANSPARENT”的前一个定义
  Xue_Sheng_Qu_Xiao_Yu_Xuan.cpp
D:\vs\vs项目\学生选课管理系统\VS项目文件\学生选课管理系统\resource.h(39,1): warning C4005: “CREATEPROCESS_MANIFEST_RESOURCE_ID”: 宏重定义
C:\Program Files (x86)\Windows Kits\10\Include\10.0.22000.0\um\winuser.h(283,1): message : 参见“CREATEPROCESS_MANIFEST_RESOURCE_ID”的前一个定义
D:\vs\vs项目\学生选课管理系统\VS项目文件\学生选课管理系统\resource.h(40,1): warning C4005: “MINIMUM_RESERVED_MANIFEST_RESOURCE_ID”: 宏重定义
C:\Program Files (x86)\Windows Kits\10\Include\10.0.22000.0\um\winuser.h(288,1): message : 参见“MINIMUM_RESERVED_MANIFEST_RESOURCE_ID”的前一个定义
D:\vs\vs项目\学生选课管理系统\VS项目文件\学生选课管理系统\resource.h(224,1): warning C4005: “ISOLATIONAWARE_MANIFEST_RESOURCE_ID”: 宏重定义
C:\Program Files (x86)\Windows Kits\10\Include\10.0.22000.0\um\winuser.h(284,1): message : 参见“ISOLATIONAWARE_MANIFEST_RESOURCE_ID”的前一个定义
D:\vs\vs项目\学生选课管理系统\VS项目文件\学生选课管理系统\resource.h(313,1): warning C4005: “ISOLATIONAWARE_NOSTATICIMPORT_MANIFEST_RESOURCE_ID”: 宏重定义
C:\Program Files (x86)\Windows Kits\10\Include\10.0.22000.0\um\winuser.h(285,1): message : 参见“ISOLATIONAWARE_NOSTATICIMPORT_MANIFEST_RESOURCE_ID”的前一个定义
D:\vs\vs项目\学生选课管理系统\VS项目文件\学生选课管理系统\resource.h(348,1): warning C4005: “ISOLATIONPOLICY_MANIFEST_RESOURCE_ID”: 宏重定义
C:\Program Files (x86)\Windows Kits\10\Include\10.0.22000.0\um\winuser.h(286,1): message : 参见“ISOLATIONPOLICY_MANIFEST_RESOURCE_ID”的前一个定义
D:\vs\vs项目\学生选课管理系统\VS项目文件\学生选课管理系统\resource.h(398,1): warning C4005: “ISOLATIONPOLICY_BROWSER_MANIFEST_RESOURCE_ID”: 宏重定义
C:\Program Files (x86)\Windows Kits\10\Include\10.0.22000.0\um\winuser.h(287,1): message : 参见“ISOLATIONPOLICY_BROWSER_MANIFEST_RESOURCE_ID”的前一个定义
D:\vs\vs项目\学生选课管理系统\VS项目文件\学生选课管理系统\resource.h(546,1): warning C4005: “MAXIMUM_RESERVED_MANIFEST_RESOURCE_ID”: 宏重定义
C:\Program Files (x86)\Windows Kits\10\Include\10.0.22000.0\um\winuser.h(289,1): message : 参见“MAXIMUM_RESERVED_MANIFEST_RESOURCE_ID”的前一个定义
D:\vs\vs项目\学生选课管理系统\VS项目文件\学生选课管理系统\resource.h(610,1): warning C4005: “RT_MANIFEST”: 宏重定义
C:\Program Files (x86)\Windows Kits\10\Include\10.0.22000.0\um\winuser.h(282,1): message : 参见“RT_MANIFEST”的前一个定义
D:\vs\vs项目\学生选课管理系统\VS项目文件\学生选课管理系统\resource.h(1541,1): warning C4005: “_WIN32_IE”: 宏重定义
D:\vs\Visual Studio IDE\VC\Tools\MSVC\14.35.32215\atlmfc\include\afxdlgs.h(30,1): message : 参见“_WIN32_IE”的前一个定义
D:\vs\vs项目\学生选课管理系统\VS项目文件\学生选课管理系统\resource.h(1575,1): warning C4005: “IDI_APPLICATION”: 宏重定义
C:\Program Files (x86)\Windows Kits\10\Include\10.0.22000.0\um\winuser.h(11073,1): message : 参见“IDI_APPLICATION”的前一个定义
D:\vs\vs项目\学生选课管理系统\VS项目文件\学生选课管理系统\resource.h(1578,1): warning C4005: “IDI_HAND”: 宏重定义
C:\Program Files (x86)\Windows Kits\10\Include\10.0.22000.0\um\winuser.h(11074,1): message : 参见“IDI_HAND”的前一个定义
D:\vs\vs项目\学生选课管理系统\VS项目文件\学生选课管理系统\resource.h(1581,1): warning C4005: “IDI_QUESTION”: 宏重定义
C:\Program Files (x86)\Windows Kits\10\Include\10.0.22000.0\um\winuser.h(11075,1): message : 参见“IDI_QUESTION”的前一个定义
D:\vs\vs项目\学生选课管理系统\VS项目文件\学生选课管理系统\resource.h(1584,1): warning C4005: “IDI_EXCLAMATION”: 宏重定义
C:\Program Files (x86)\Windows Kits\10\Include\10.0.22000.0\um\winuser.h(11076,1): message : 参见“IDI_EXCLAMATION”的前一个定义
D:\vs\vs项目\学生选课管理系统\VS项目文件\学生选课管理系统\resource.h(1587,1): warning C4005: “IDI_ASTERISK”: 宏重定义
C:\Program Files (x86)\Windows Kits\10\Include\10.0.22000.0\um\winuser.h(11077,1): message : 参见“IDI_ASTERISK”的前一个定义
D:\vs\vs项目\学生选课管理系统\VS项目文件\学生选课管理系统\resource.h(1589,1): warning C4005: “IDI_WINLOGO”: 宏重定义
C:\Program Files (x86)\Windows Kits\10\Include\10.0.22000.0\um\winuser.h(11079,1): message : 参见“IDI_WINLOGO”的前一个定义
D:\vs\vs项目\学生选课管理系统\VS项目文件\学生选课管理系统\resource.h(1591,1): warning C4005: “IDI_SHIELD”: 宏重定义
C:\Program Files (x86)\Windows Kits\10\Include\10.0.22000.0\um\winuser.h(11082,1): message : 参见“IDI_SHIELD”的前一个定义
D:\vs\vs项目\学生选课管理系统\VS项目文件\学生选课管理系统\resource.h(1666,1): warning C4005: “HTERROR”: 宏重定义
C:\Program Files (x86)\Windows Kits\10\Include\10.0.22000.0\um\winuser.h(2564,1): message : 参见“HTERROR”的前一个定义
D:\vs\vs项目\学生选课管理系统\VS项目文件\学生选课管理系统\resource.h(1668,1): warning C4005: “PWR_FAIL”: 宏重定义
C:\Program Files (x86)\Windows Kits\10\Include\10.0.22000.0\um\winuser.h(2074,1): message : 参见“PWR_FAIL”的前一个定义
D:\vs\vs项目\学生选课管理系统\VS项目文件\学生选课管理系统\resource.h(1669,1): warning C4005: “HTTRANSPARENT”: 宏重定义
C:\Program Files (x86)\Windows Kits\10\Include\10.0.22000.0\um\winuser.h(2565,1): message : 参见“HTTRANSPARENT”的前一个定义
  Xue_Sheng_Wo_De_Yu_Yue.cpp
D:\vs\vs项目\学生选课管理系统\VS项目文件\学生选课管理系统\resource.h(39,1): warning C4005: “CREATEPROCESS_MANIFEST_RESOURCE_ID”: 宏重定义
C:\Program Files (x86)\Windows Kits\10\Include\10.0.22000.0\um\winuser.h(283,1): message : 参见“CREATEPROCESS_MANIFEST_RESOURCE_ID”的前一个定义
D:\vs\vs项目\学生选课管理系统\VS项目文件\学生选课管理系统\resource.h(40,1): warning C4005: “MINIMUM_RESERVED_MANIFEST_RESOURCE_ID”: 宏重定义
C:\Program Files (x86)\Windows Kits\10\Include\10.0.22000.0\um\winuser.h(288,1): message : 参见“MINIMUM_RESERVED_MANIFEST_RESOURCE_ID”的前一个定义
D:\vs\vs项目\学生选课管理系统\VS项目文件\学生选课管理系统\resource.h(224,1): warning C4005: “ISOLATIONAWARE_MANIFEST_RESOURCE_ID”: 宏重定义
C:\Program Files (x86)\Windows Kits\10\Include\10.0.22000.0\um\winuser.h(284,1): message : 参见“ISOLATIONAWARE_MANIFEST_RESOURCE_ID”的前一个定义
D:\vs\vs项目\学生选课管理系统\VS项目文件\学生选课管理系统\resource.h(313,1): warning C4005: “ISOLATIONAWARE_NOSTATICIMPORT_MANIFEST_RESOURCE_ID”: 宏重定义
C:\Program Files (x86)\Windows Kits\10\Include\10.0.22000.0\um\winuser.h(285,1): message : 参见“ISOLATIONAWARE_NOSTATICIMPORT_MANIFEST_RESOURCE_ID”的前一个定义
D:\vs\vs项目\学生选课管理系统\VS项目文件\学生选课管理系统\resource.h(348,1): warning C4005: “ISOLATIONPOLICY_MANIFEST_RESOURCE_ID”: 宏重定义
C:\Program Files (x86)\Windows Kits\10\Include\10.0.22000.0\um\winuser.h(286,1): message : 参见“ISOLATIONPOLICY_MANIFEST_RESOURCE_ID”的前一个定义
D:\vs\vs项目\学生选课管理系统\VS项目文件\学生选课管理系统\resource.h(398,1): warning C4005: “ISOLATIONPOLICY_BROWSER_MANIFEST_RESOURCE_ID”: 宏重定义
C:\Program Files (x86)\Windows Kits\10\Include\10.0.22000.0\um\winuser.h(287,1): message : 参见“ISOLATIONPOLICY_BROWSER_MANIFEST_RESOURCE_ID”的前一个定义
D:\vs\vs项目\学生选课管理系统\VS项目文件\学生选课管理系统\resource.h(546,1): warning C4005: “MAXIMUM_RESERVED_MANIFEST_RESOURCE_ID”: 宏重定义
C:\Program Files (x86)\Windows Kits\10\Include\10.0.22000.0\um\winuser.h(289,1): message : 参见“MAXIMUM_RESERVED_MANIFEST_RESOURCE_ID”的前一个定义
D:\vs\vs项目\学生选课管理系统\VS项目文件\学生选课管理系统\resource.h(610,1): warning C4005: “RT_MANIFEST”: 宏重定义
C:\Program Files (x86)\Windows Kits\10\Include\10.0.22000.0\um\winuser.h(282,1): message : 参见“RT_MANIFEST”的前一个定义
D:\vs\vs项目\学生选课管理系统\VS项目文件\学生选课管理系统\resource.h(1541,1): warning C4005: “_WIN32_IE”: 宏重定义
D:\vs\Visual Studio IDE\VC\Tools\MSVC\14.35.32215\atlmfc\include\afxdlgs.h(30,1): message : 参见“_WIN32_IE”的前一个定义
D:\vs\vs项目\学生选课管理系统\VS项目文件\学生选课管理系统\resource.h(1575,1): warning C4005: “IDI_APPLICATION”: 宏重定义
C:\Program Files (x86)\Windows Kits\10\Include\10.0.22000.0\um\winuser.h(11073,1): message : 参见“IDI_APPLICATION”的前一个定义
D:\vs\vs项目\学生选课管理系统\VS项目文件\学生选课管理系统\resource.h(1578,1): warning C4005: “IDI_HAND”: 宏重定义
C:\Program Files (x86)\Windows Kits\10\Include\10.0.22000.0\um\winuser.h(11074,1): message : 参见“IDI_HAND”的前一个定义
D:\vs\vs项目\学生选课管理系统\VS项目文件\学生选课管理系统\resource.h(1581,1): warning C4005: “IDI_QUESTION”: 宏重定义
C:\Program Files (x86)\Windows Kits\10\Include\10.0.22000.0\um\winuser.h(11075,1): message : 参见“IDI_QUESTION”的前一个定义
D:\vs\vs项目\学生选课管理系统\VS项目文件\学生选课管理系统\resource.h(1584,1): warning C4005: “IDI_EXCLAMATION”: 宏重定义
C:\Program Files (x86)\Windows Kits\10\Include\10.0.22000.0\um\winuser.h(11076,1): message : 参见“IDI_EXCLAMATION”的前一个定义
D:\vs\vs项目\学生选课管理系统\VS项目文件\学生选课管理系统\resource.h(1587,1): warning C4005: “IDI_ASTERISK”: 宏重定义
C:\Program Files (x86)\Windows Kits\10\Include\10.0.22000.0\um\winuser.h(11077,1): message : 参见“IDI_ASTERISK”的前一个定义
D:\vs\vs项目\学生选课管理系统\VS项目文件\学生选课管理系统\resource.h(1589,1): warning C4005: “IDI_WINLOGO”: 宏重定义
C:\Program Files (x86)\Windows Kits\10\Include\10.0.22000.0\um\winuser.h(11079,1): message : 参见“IDI_WINLOGO”的前一个定义
D:\vs\vs项目\学生选课管理系统\VS项目文件\学生选课管理系统\resource.h(1591,1): warning C4005: “IDI_SHIELD”: 宏重定义
C:\Program Files (x86)\Windows Kits\10\Include\10.0.22000.0\um\winuser.h(11082,1): message : 参见“IDI_SHIELD”的前一个定义
D:\vs\vs项目\学生选课管理系统\VS项目文件\学生选课管理系统\resource.h(1666,1): warning C4005: “HTERROR”: 宏重定义
C:\Program Files (x86)\Windows Kits\10\Include\10.0.22000.0\um\winuser.h(2564,1): message : 参见“HTERROR”的前一个定义
D:\vs\vs项目\学生选课管理系统\VS项目文件\学生选课管理系统\resource.h(1668,1): warning C4005: “PWR_FAIL”: 宏重定义
C:\Program Files (x86)\Windows Kits\10\Include\10.0.22000.0\um\winuser.h(2074,1): message : 参见“PWR_FAIL”的前一个定义
D:\vs\vs项目\学生选课管理系统\VS项目文件\学生选课管理系统\resource.h(1669,1): warning C4005: “HTTRANSPARENT”: 宏重定义
C:\Program Files (x86)\Windows Kits\10\Include\10.0.22000.0\um\winuser.h(2565,1): message : 参见“HTTRANSPARENT”的前一个定义
  Xue_Sheng_Yu_Xuan_Ke_Cheng.cpp
D:\vs\vs项目\学生选课管理系统\VS项目文件\学生选课管理系统\resource.h(39,1): warning C4005: “CREATEPROCESS_MANIFEST_RESOURCE_ID”: 宏重定义
C:\Program Files (x86)\Windows Kits\10\Include\10.0.22000.0\um\winuser.h(283,1): message : 参见“CREATEPROCESS_MANIFEST_RESOURCE_ID”的前一个定义
D:\vs\vs项目\学生选课管理系统\VS项目文件\学生选课管理系统\resource.h(40,1): warning C4005: “MINIMUM_RESERVED_MANIFEST_RESOURCE_ID”: 宏重定义
C:\Program Files (x86)\Windows Kits\10\Include\10.0.22000.0\um\winuser.h(288,1): message : 参见“MINIMUM_RESERVED_MANIFEST_RESOURCE_ID”的前一个定义
D:\vs\vs项目\学生选课管理系统\VS项目文件\学生选课管理系统\resource.h(224,1): warning C4005: “ISOLATIONAWARE_MANIFEST_RESOURCE_ID”: 宏重定义
C:\Program Files (x86)\Windows Kits\10\Include\10.0.22000.0\um\winuser.h(284,1): message : 参见“ISOLATIONAWARE_MANIFEST_RESOURCE_ID”的前一个定义
D:\vs\vs项目\学生选课管理系统\VS项目文件\学生选课管理系统\resource.h(313,1): warning C4005: “ISOLATIONAWARE_NOSTATICIMPORT_MANIFEST_RESOURCE_ID”: 宏重定义
C:\Program Files (x86)\Windows Kits\10\Include\10.0.22000.0\um\winuser.h(285,1): message : 参见“ISOLATIONAWARE_NOSTATICIMPORT_MANIFEST_RESOURCE_ID”的前一个定义
D:\vs\vs项目\学生选课管理系统\VS项目文件\学生选课管理系统\resource.h(348,1): warning C4005: “ISOLATIONPOLICY_MANIFEST_RESOURCE_ID”: 宏重定义
C:\Program Files (x86)\Windows Kits\10\Include\10.0.22000.0\um\winuser.h(286,1): message : 参见“ISOLATIONPOLICY_MANIFEST_RESOURCE_ID”的前一个定义
D:\vs\vs项目\学生选课管理系统\VS项目文件\学生选课管理系统\resource.h(398,1): warning C4005: “ISOLATIONPOLICY_BROWSER_MANIFEST_RESOURCE_ID”: 宏重定义
C:\Program Files (x86)\Windows Kits\10\Include\10.0.22000.0\um\winuser.h(287,1): message : 参见“ISOLATIONPOLICY_BROWSER_MANIFEST_RESOURCE_ID”的前一个定义
D:\vs\vs项目\学生选课管理系统\VS项目文件\学生选课管理系统\resource.h(546,1): warning C4005: “MAXIMUM_RESERVED_MANIFEST_RESOURCE_ID”: 宏重定义
C:\Program Files (x86)\Windows Kits\10\Include\10.0.22000.0\um\winuser.h(289,1): message : 参见“MAXIMUM_RESERVED_MANIFEST_RESOURCE_ID”的前一个定义
D:\vs\vs项目\学生选课管理系统\VS项目文件\学生选课管理系统\resource.h(610,1): warning C4005: “RT_MANIFEST”: 宏重定义
C:\Program Files (x86)\Windows Kits\10\Include\10.0.22000.0\um\winuser.h(282,1): message : 参见“RT_MANIFEST”的前一个定义
D:\vs\vs项目\学生选课管理系统\VS项目文件\学生选课管理系统\resource.h(1541,1): warning C4005: “_WIN32_IE”: 宏重定义
D:\vs\Visual Studio IDE\VC\Tools\MSVC\14.35.32215\atlmfc\include\afxdlgs.h(30,1): message : 参见“_WIN32_IE”的前一个定义
D:\vs\vs项目\学生选课管理系统\VS项目文件\学生选课管理系统\resource.h(1575,1): warning C4005: “IDI_APPLICATION”: 宏重定义
C:\Program Files (x86)\Windows Kits\10\Include\10.0.22000.0\um\winuser.h(11073,1): message : 参见“IDI_APPLICATION”的前一个定义
D:\vs\vs项目\学生选课管理系统\VS项目文件\学生选课管理系统\resource.h(1578,1): warning C4005: “IDI_HAND”: 宏重定义
C:\Program Files (x86)\Windows Kits\10\Include\10.0.22000.0\um\winuser.h(11074,1): message : 参见“IDI_HAND”的前一个定义
D:\vs\vs项目\学生选课管理系统\VS项目文件\学生选课管理系统\resource.h(1581,1): warning C4005: “IDI_QUESTION”: 宏重定义
C:\Program Files (x86)\Windows Kits\10\Include\10.0.22000.0\um\winuser.h(11075,1): message : 参见“IDI_QUESTION”的前一个定义
D:\vs\vs项目\学生选课管理系统\VS项目文件\学生选课管理系统\resource.h(1584,1): warning C4005: “IDI_EXCLAMATION”: 宏重定义
C:\Program Files (x86)\Windows Kits\10\Include\10.0.22000.0\um\winuser.h(11076,1): message : 参见“IDI_EXCLAMATION”的前一个定义
D:\vs\vs项目\学生选课管理系统\VS项目文件\学生选课管理系统\resource.h(1587,1): warning C4005: “IDI_ASTERISK”: 宏重定义
C:\Program Files (x86)\Windows Kits\10\Include\10.0.22000.0\um\winuser.h(11077,1): message : 参见“IDI_ASTERISK”的前一个定义
D:\vs\vs项目\学生选课管理系统\VS项目文件\学生选课管理系统\resource.h(1589,1): warning C4005: “IDI_WINLOGO”: 宏重定义
C:\Program Files (x86)\Windows Kits\10\Include\10.0.22000.0\um\winuser.h(11079,1): message : 参见“IDI_WINLOGO”的前一个定义
D:\vs\vs项目\学生选课管理系统\VS项目文件\学生选课管理系统\resource.h(1591,1): warning C4005: “IDI_SHIELD”: 宏重定义
C:\Program Files (x86)\Windows Kits\10\Include\10.0.22000.0\um\winuser.h(11082,1): message : 参见“IDI_SHIELD”的前一个定义
D:\vs\vs项目\学生选课管理系统\VS项目文件\学生选课管理系统\resource.h(1666,1): warning C4005: “HTERROR”: 宏重定义
C:\Program Files (x86)\Windows Kits\10\Include\10.0.22000.0\um\winuser.h(2564,1): message : 参见“HTERROR”的前一个定义
D:\vs\vs项目\学生选课管理系统\VS项目文件\学生选课管理系统\resource.h(1668,1): warning C4005: “PWR_FAIL”: 宏重定义
C:\Program Files (x86)\Windows Kits\10\Include\10.0.22000.0\um\winuser.h(2074,1): message : 参见“PWR_FAIL”的前一个定义
D:\vs\vs项目\学生选课管理系统\VS项目文件\学生选课管理系统\resource.h(1669,1): warning C4005: “HTTRANSPARENT”: 宏重定义
C:\Program Files (x86)\Windows Kits\10\Include\10.0.22000.0\um\winuser.h(2565,1): message : 参见“HTTRANSPARENT”的前一个定义
  ZhuCe.cpp
D:\vs\vs项目\学生选课管理系统\VS项目文件\学生选课管理系统\resource.h(39,1): warning C4005: “CREATEPROCESS_MANIFEST_RESOURCE_ID”: 宏重定义
C:\Program Files (x86)\Windows Kits\10\Include\10.0.22000.0\um\winuser.h(283,1): message : 参见“CREATEPROCESS_MANIFEST_RESOURCE_ID”的前一个定义
D:\vs\vs项目\学生选课管理系统\VS项目文件\学生选课管理系统\resource.h(40,1): warning C4005: “MINIMUM_RESERVED_MANIFEST_RESOURCE_ID”: 宏重定义
C:\Program Files (x86)\Windows Kits\10\Include\10.0.22000.0\um\winuser.h(288,1): message : 参见“MINIMUM_RESERVED_MANIFEST_RESOURCE_ID”的前一个定义
D:\vs\vs项目\学生选课管理系统\VS项目文件\学生选课管理系统\resource.h(224,1): warning C4005: “ISOLATIONAWARE_MANIFEST_RESOURCE_ID”: 宏重定义
C:\Program Files (x86)\Windows Kits\10\Include\10.0.22000.0\um\winuser.h(284,1): message : 参见“ISOLATIONAWARE_MANIFEST_RESOURCE_ID”的前一个定义
D:\vs\vs项目\学生选课管理系统\VS项目文件\学生选课管理系统\resource.h(313,1): warning C4005: “ISOLATIONAWARE_NOSTATICIMPORT_MANIFEST_RESOURCE_ID”: 宏重定义
C:\Program Files (x86)\Windows Kits\10\Include\10.0.22000.0\um\winuser.h(285,1): message : 参见“ISOLATIONAWARE_NOSTATICIMPORT_MANIFEST_RESOURCE_ID”的前一个定义
D:\vs\vs项目\学生选课管理系统\VS项目文件\学生选课管理系统\resource.h(348,1): warning C4005: “ISOLATIONPOLICY_MANIFEST_RESOURCE_ID”: 宏重定义
C:\Program Files (x86)\Windows Kits\10\Include\10.0.22000.0\um\winuser.h(286,1): message : 参见“ISOLATIONPOLICY_MANIFEST_RESOURCE_ID”的前一个定义
D:\vs\vs项目\学生选课管理系统\VS项目文件\学生选课管理系统\resource.h(398,1): warning C4005: “ISOLATIONPOLICY_BROWSER_MANIFEST_RESOURCE_ID”: 宏重定义
C:\Program Files (x86)\Windows Kits\10\Include\10.0.22000.0\um\winuser.h(287,1): message : 参见“ISOLATIONPOLICY_BROWSER_MANIFEST_RESOURCE_ID”的前一个定义
D:\vs\vs项目\学生选课管理系统\VS项目文件\学生选课管理系统\resource.h(546,1): warning C4005: “MAXIMUM_RESERVED_MANIFEST_RESOURCE_ID”: 宏重定义
C:\Program Files (x86)\Windows Kits\10\Include\10.0.22000.0\um\winuser.h(289,1): message : 参见“MAXIMUM_RESERVED_MANIFEST_RESOURCE_ID”的前一个定义
D:\vs\vs项目\学生选课管理系统\VS项目文件\学生选课管理系统\resource.h(610,1): warning C4005: “RT_MANIFEST”: 宏重定义
C:\Program Files (x86)\Windows Kits\10\Include\10.0.22000.0\um\winuser.h(282,1): message : 参见“RT_MANIFEST”的前一个定义
D:\vs\vs项目\学生选课管理系统\VS项目文件\学生选课管理系统\resource.h(1541,1): warning C4005: “_WIN32_IE”: 宏重定义
D:\vs\Visual Studio IDE\VC\Tools\MSVC\14.35.32215\atlmfc\include\afxdlgs.h(30,1): message : 参见“_WIN32_IE”的前一个定义
D:\vs\vs项目\学生选课管理系统\VS项目文件\学生选课管理系统\resource.h(1575,1): warning C4005: “IDI_APPLICATION”: 宏重定义
C:\Program Files (x86)\Windows Kits\10\Include\10.0.22000.0\um\winuser.h(11073,1): message : 参见“IDI_APPLICATION”的前一个定义
D:\vs\vs项目\学生选课管理系统\VS项目文件\学生选课管理系统\resource.h(1578,1): warning C4005: “IDI_HAND”: 宏重定义
C:\Program Files (x86)\Windows Kits\10\Include\10.0.22000.0\um\winuser.h(11074,1): message : 参见“IDI_HAND”的前一个定义
D:\vs\vs项目\学生选课管理系统\VS项目文件\学生选课管理系统\resource.h(1581,1): warning C4005: “IDI_QUESTION”: 宏重定义
C:\Program Files (x86)\Windows Kits\10\Include\10.0.22000.0\um\winuser.h(11075,1): message : 参见“IDI_QUESTION”的前一个定义
D:\vs\vs项目\学生选课管理系统\VS项目文件\学生选课管理系统\resource.h(1584,1): warning C4005: “IDI_EXCLAMATION”: 宏重定义
C:\Program Files (x86)\Windows Kits\10\Include\10.0.22000.0\um\winuser.h(11076,1): message : 参见“IDI_EXCLAMATION”的前一个定义
D:\vs\vs项目\学生选课管理系统\VS项目文件\学生选课管理系统\resource.h(1587,1): warning C4005: “IDI_ASTERISK”: 宏重定义
C:\Program Files (x86)\Windows Kits\10\Include\10.0.22000.0\um\winuser.h(11077,1): message : 参见“IDI_ASTERISK”的前一个定义
D:\vs\vs项目\学生选课管理系统\VS项目文件\学生选课管理系统\resource.h(1589,1): warning C4005: “IDI_WINLOGO”: 宏重定义
C:\Program Files (x86)\Windows Kits\10\Include\10.0.22000.0\um\winuser.h(11079,1): message : 参见“IDI_WINLOGO”的前一个定义
D:\vs\vs项目\学生选课管理系统\VS项目文件\学生选课管理系统\resource.h(1591,1): warning C4005: “IDI_SHIELD”: 宏重定义
C:\Program Files (x86)\Windows Kits\10\Include\10.0.22000.0\um\winuser.h(11082,1): message : 参见“IDI_SHIELD”的前一个定义
D:\vs\vs项目\学生选课管理系统\VS项目文件\学生选课管理系统\resource.h(1666,1): warning C4005: “HTERROR”: 宏重定义
C:\Program Files (x86)\Windows Kits\10\Include\10.0.22000.0\um\winuser.h(2564,1): message : 参见“HTERROR”的前一个定义
D:\vs\vs项目\学生选课管理系统\VS项目文件\学生选课管理系统\resource.h(1668,1): warning C4005: “PWR_FAIL”: 宏重定义
C:\Program Files (x86)\Windows Kits\10\Include\10.0.22000.0\um\winuser.h(2074,1): message : 参见“PWR_FAIL”的前一个定义
D:\vs\vs项目\学生选课管理系统\VS项目文件\学生选课管理系统\resource.h(1669,1): warning C4005: “HTTRANSPARENT”: 宏重定义
C:\Program Files (x86)\Windows Kits\10\Include\10.0.22000.0\um\winuser.h(2565,1): message : 参见“HTTRANSPARENT”的前一个定义
  ZhuCe1.cpp
D:\vs\vs项目\学生选课管理系统\VS项目文件\学生选课管理系统\resource.h(39,1): warning C4005: “CREATEPROCESS_MANIFEST_RESOURCE_ID”: 宏重定义
C:\Program Files (x86)\Windows Kits\10\Include\10.0.22000.0\um\winuser.h(283,1): message : 参见“CREATEPROCESS_MANIFEST_RESOURCE_ID”的前一个定义
D:\vs\vs项目\学生选课管理系统\VS项目文件\学生选课管理系统\resource.h(40,1): warning C4005: “MINIMUM_RESERVED_MANIFEST_RESOURCE_ID”: 宏重定义
C:\Program Files (x86)\Windows Kits\10\Include\10.0.22000.0\um\winuser.h(288,1): message : 参见“MINIMUM_RESERVED_MANIFEST_RESOURCE_ID”的前一个定义
D:\vs\vs项目\学生选课管理系统\VS项目文件\学生选课管理系统\resource.h(224,1): warning C4005: “ISOLATIONAWARE_MANIFEST_RESOURCE_ID”: 宏重定义
C:\Program Files (x86)\Windows Kits\10\Include\10.0.22000.0\um\winuser.h(284,1): message : 参见“ISOLATIONAWARE_MANIFEST_RESOURCE_ID”的前一个定义
D:\vs\vs项目\学生选课管理系统\VS项目文件\学生选课管理系统\resource.h(313,1): warning C4005: “ISOLATIONAWARE_NOSTATICIMPORT_MANIFEST_RESOURCE_ID”: 宏重定义
C:\Program Files (x86)\Windows Kits\10\Include\10.0.22000.0\um\winuser.h(285,1): message : 参见“ISOLATIONAWARE_NOSTATICIMPORT_MANIFEST_RESOURCE_ID”的前一个定义
D:\vs\vs项目\学生选课管理系统\VS项目文件\学生选课管理系统\resource.h(348,1): warning C4005: “ISOLATIONPOLICY_MANIFEST_RESOURCE_ID”: 宏重定义
C:\Program Files (x86)\Windows Kits\10\Include\10.0.22000.0\um\winuser.h(286,1): message : 参见“ISOLATIONPOLICY_MANIFEST_RESOURCE_ID”的前一个定义
D:\vs\vs项目\学生选课管理系统\VS项目文件\学生选课管理系统\resource.h(398,1): warning C4005: “ISOLATIONPOLICY_BROWSER_MANIFEST_RESOURCE_ID”: 宏重定义
C:\Program Files (x86)\Windows Kits\10\Include\10.0.22000.0\um\winuser.h(287,1): message : 参见“ISOLATIONPOLICY_BROWSER_MANIFEST_RESOURCE_ID”的前一个定义
D:\vs\vs项目\学生选课管理系统\VS项目文件\学生选课管理系统\resource.h(546,1): warning C4005: “MAXIMUM_RESERVED_MANIFEST_RESOURCE_ID”: 宏重定义
C:\Program Files (x86)\Windows Kits\10\Include\10.0.22000.0\um\winuser.h(289,1): message : 参见“MAXIMUM_RESERVED_MANIFEST_RESOURCE_ID”的前一个定义
D:\vs\vs项目\学生选课管理系统\VS项目文件\学生选课管理系统\resource.h(610,1): warning C4005: “RT_MANIFEST”: 宏重定义
C:\Program Files (x86)\Windows Kits\10\Include\10.0.22000.0\um\winuser.h(282,1): message : 参见“RT_MANIFEST”的前一个定义
D:\vs\vs项目\学生选课管理系统\VS项目文件\学生选课管理系统\resource.h(1541,1): warning C4005: “_WIN32_IE”: 宏重定义
D:\vs\Visual Studio IDE\VC\Tools\MSVC\14.35.32215\atlmfc\include\afxdlgs.h(30,1): message : 参见“_WIN32_IE”的前一个定义
D:\vs\vs项目\学生选课管理系统\VS项目文件\学生选课管理系统\resource.h(1575,1): warning C4005: “IDI_APPLICATION”: 宏重定义
C:\Program Files (x86)\Windows Kits\10\Include\10.0.22000.0\um\winuser.h(11073,1): message : 参见“IDI_APPLICATION”的前一个定义
D:\vs\vs项目\学生选课管理系统\VS项目文件\学生选课管理系统\resource.h(1578,1): warning C4005: “IDI_HAND”: 宏重定义
C:\Program Files (x86)\Windows Kits\10\Include\10.0.22000.0\um\winuser.h(11074,1): message : 参见“IDI_HAND”的前一个定义
D:\vs\vs项目\学生选课管理系统\VS项目文件\学生选课管理系统\resource.h(1581,1): warning C4005: “IDI_QUESTION”: 宏重定义
C:\Program Files (x86)\Windows Kits\10\Include\10.0.22000.0\um\winuser.h(11075,1): message : 参见“IDI_QUESTION”的前一个定义
D:\vs\vs项目\学生选课管理系统\VS项目文件\学生选课管理系统\resource.h(1584,1): warning C4005: “IDI_EXCLAMATION”: 宏重定义
C:\Program Files (x86)\Windows Kits\10\Include\10.0.22000.0\um\winuser.h(11076,1): message : 参见“IDI_EXCLAMATION”的前一个定义
D:\vs\vs项目\学生选课管理系统\VS项目文件\学生选课管理系统\resource.h(1587,1): warning C4005: “IDI_ASTERISK”: 宏重定义
C:\Program Files (x86)\Windows Kits\10\Include\10.0.22000.0\um\winuser.h(11077,1): message : 参见“IDI_ASTERISK”的前一个定义
D:\vs\vs项目\学生选课管理系统\VS项目文件\学生选课管理系统\resource.h(1589,1): warning C4005: “IDI_WINLOGO”: 宏重定义
C:\Program Files (x86)\Windows Kits\10\Include\10.0.22000.0\um\winuser.h(11079,1): message : 参见“IDI_WINLOGO”的前一个定义
D:\vs\vs项目\学生选课管理系统\VS项目文件\学生选课管理系统\resource.h(1591,1): warning C4005: “IDI_SHIELD”: 宏重定义
C:\Program Files (x86)\Windows Kits\10\Include\10.0.22000.0\um\winuser.h(11082,1): message : 参见“IDI_SHIELD”的前一个定义
D:\vs\vs项目\学生选课管理系统\VS项目文件\学生选课管理系统\resource.h(1666,1): warning C4005: “HTERROR”: 宏重定义
C:\Program Files (x86)\Windows Kits\10\Include\10.0.22000.0\um\winuser.h(2564,1): message : 参见“HTERROR”的前一个定义
D:\vs\vs项目\学生选课管理系统\VS项目文件\学生选课管理系统\resource.h(1668,1): warning C4005: “PWR_FAIL”: 宏重定义
C:\Program Files (x86)\Windows Kits\10\Include\10.0.22000.0\um\winuser.h(2074,1): message : 参见“PWR_FAIL”的前一个定义
D:\vs\vs项目\学生选课管理系统\VS项目文件\学生选课管理系统\resource.h(1669,1): warning C4005: “HTTRANSPARENT”: 宏重定义
C:\Program Files (x86)\Windows Kits\10\Include\10.0.22000.0\um\winuser.h(2565,1): message : 参见“HTTRANSPARENT”的前一个定义
  学生选课管理系统.cpp
D:\vs\vs项目\学生选课管理系统\VS项目文件\学生选课管理系统\resource.h(39,1): warning C4005: “CREATEPROCESS_MANIFEST_RESOURCE_ID”: 宏重定义
C:\Program Files (x86)\Windows Kits\10\Include\10.0.22000.0\um\winuser.h(283,1): message : 参见“CREATEPROCESS_MANIFEST_RESOURCE_ID”的前一个定义
D:\vs\vs项目\学生选课管理系统\VS项目文件\学生选课管理系统\resource.h(40,1): warning C4005: “MINIMUM_RESERVED_MANIFEST_RESOURCE_ID”: 宏重定义
C:\Program Files (x86)\Windows Kits\10\Include\10.0.22000.0\um\winuser.h(288,1): message : 参见“MINIMUM_RESERVED_MANIFEST_RESOURCE_ID”的前一个定义
D:\vs\vs项目\学生选课管理系统\VS项目文件\学生选课管理系统\resource.h(224,1): warning C4005: “ISOLATIONAWARE_MANIFEST_RESOURCE_ID”: 宏重定义
C:\Program Files (x86)\Windows Kits\10\Include\10.0.22000.0\um\winuser.h(284,1): message : 参见“ISOLATIONAWARE_MANIFEST_RESOURCE_ID”的前一个定义
D:\vs\vs项目\学生选课管理系统\VS项目文件\学生选课管理系统\resource.h(313,1): warning C4005: “ISOLATIONAWARE_NOSTATICIMPORT_MANIFEST_RESOURCE_ID”: 宏重定义
C:\Program Files (x86)\Windows Kits\10\Include\10.0.22000.0\um\winuser.h(285,1): message : 参见“ISOLATIONAWARE_NOSTATICIMPORT_MANIFEST_RESOURCE_ID”的前一个定义
D:\vs\vs项目\学生选课管理系统\VS项目文件\学生选课管理系统\resource.h(348,1): warning C4005: “ISOLATIONPOLICY_MANIFEST_RESOURCE_ID”: 宏重定义
C:\Program Files (x86)\Windows Kits\10\Include\10.0.22000.0\um\winuser.h(286,1): message : 参见“ISOLATIONPOLICY_MANIFEST_RESOURCE_ID”的前一个定义
D:\vs\vs项目\学生选课管理系统\VS项目文件\学生选课管理系统\resource.h(398,1): warning C4005: “ISOLATIONPOLICY_BROWSER_MANIFEST_RESOURCE_ID”: 宏重定义
C:\Program Files (x86)\Windows Kits\10\Include\10.0.22000.0\um\winuser.h(287,1): message : 参见“ISOLATIONPOLICY_BROWSER_MANIFEST_RESOURCE_ID”的前一个定义
D:\vs\vs项目\学生选课管理系统\VS项目文件\学生选课管理系统\resource.h(546,1): warning C4005: “MAXIMUM_RESERVED_MANIFEST_RESOURCE_ID”: 宏重定义
C:\Program Files (x86)\Windows Kits\10\Include\10.0.22000.0\um\winuser.h(289,1): message : 参见“MAXIMUM_RESERVED_MANIFEST_RESOURCE_ID”的前一个定义
D:\vs\vs项目\学生选课管理系统\VS项目文件\学生选课管理系统\resource.h(610,1): warning C4005: “RT_MANIFEST”: 宏重定义
C:\Program Files (x86)\Windows Kits\10\Include\10.0.22000.0\um\winuser.h(282,1): message : 参见“RT_MANIFEST”的前一个定义
D:\vs\vs项目\学生选课管理系统\VS项目文件\学生选课管理系统\resource.h(1541,1): warning C4005: “_WIN32_IE”: 宏重定义
D:\vs\Visual Studio IDE\VC\Tools\MSVC\14.35.32215\atlmfc\include\afxdlgs.h(30,1): message : 参见“_WIN32_IE”的前一个定义
D:\vs\vs项目\学生选课管理系统\VS项目文件\学生选课管理系统\resource.h(1575,1): warning C4005: “IDI_APPLICATION”: 宏重定义
C:\Program Files (x86)\Windows Kits\10\Include\10.0.22000.0\um\winuser.h(11073,1): message : 参见“IDI_APPLICATION”的前一个定义
D:\vs\vs项目\学生选课管理系统\VS项目文件\学生选课管理系统\resource.h(1578,1): warning C4005: “IDI_HAND”: 宏重定义
C:\Program Files (x86)\Windows Kits\10\Include\10.0.22000.0\um\winuser.h(11074,1): message : 参见“IDI_HAND”的前一个定义
D:\vs\vs项目\学生选课管理系统\VS项目文件\学生选课管理系统\resource.h(1581,1): warning C4005: “IDI_QUESTION”: 宏重定义
C:\Program Files (x86)\Windows Kits\10\Include\10.0.22000.0\um\winuser.h(11075,1): message : 参见“IDI_QUESTION”的前一个定义
D:\vs\vs项目\学生选课管理系统\VS项目文件\学生选课管理系统\resource.h(1584,1): warning C4005: “IDI_EXCLAMATION”: 宏重定义
C:\Program Files (x86)\Windows Kits\10\Include\10.0.22000.0\um\winuser.h(11076,1): message : 参见“IDI_EXCLAMATION”的前一个定义
D:\vs\vs项目\学生选课管理系统\VS项目文件\学生选课管理系统\resource.h(1587,1): warning C4005: “IDI_ASTERISK”: 宏重定义
C:\Program Files (x86)\Windows Kits\10\Include\10.0.22000.0\um\winuser.h(11077,1): message : 参见“IDI_ASTERISK”的前一个定义
D:\vs\vs项目\学生选课管理系统\VS项目文件\学生选课管理系统\resource.h(1589,1): warning C4005: “IDI_WINLOGO”: 宏重定义
C:\Program Files (x86)\Windows Kits\10\Include\10.0.22000.0\um\winuser.h(11079,1): message : 参见“IDI_WINLOGO”的前一个定义
D:\vs\vs项目\学生选课管理系统\VS项目文件\学生选课管理系统\resource.h(1591,1): warning C4005: “IDI_SHIELD”: 宏重定义
C:\Program Files (x86)\Windows Kits\10\Include\10.0.22000.0\um\winuser.h(11082,1): message : 参见“IDI_SHIELD”的前一个定义
D:\vs\vs项目\学生选课管理系统\VS项目文件\学生选课管理系统\resource.h(1666,1): warning C4005: “HTERROR”: 宏重定义
C:\Program Files (x86)\Windows Kits\10\Include\10.0.22000.0\um\winuser.h(2564,1): message : 参见“HTERROR”的前一个定义
D:\vs\vs项目\学生选课管理系统\VS项目文件\学生选课管理系统\resource.h(1668,1): warning C4005: “PWR_FAIL”: 宏重定义
C:\Program Files (x86)\Windows Kits\10\Include\10.0.22000.0\um\winuser.h(2074,1): message : 参见“PWR_FAIL”的前一个定义
D:\vs\vs项目\学生选课管理系统\VS项目文件\学生选课管理系统\resource.h(1669,1): warning C4005: “HTTRANSPARENT”: 宏重定义
C:\Program Files (x86)\Windows Kits\10\Include\10.0.22000.0\um\winuser.h(2565,1): message : 参见“HTTRANSPARENT”的前一个定义
  学生选课管理系统Dlg.cpp
D:\vs\vs项目\学生选课管理系统\VS项目文件\学生选课管理系统\resource.h(39,1): warning C4005: “CREATEPROCESS_MANIFEST_RESOURCE_ID”: 宏重定义
C:\Program Files (x86)\Windows Kits\10\Include\10.0.22000.0\um\winuser.h(283,1): message : 参见“CREATEPROCESS_MANIFEST_RESOURCE_ID”的前一个定义
D:\vs\vs项目\学生选课管理系统\VS项目文件\学生选课管理系统\resource.h(40,1): warning C4005: “MINIMUM_RESERVED_MANIFEST_RESOURCE_ID”: 宏重定义
C:\Program Files (x86)\Windows Kits\10\Include\10.0.22000.0\um\winuser.h(288,1): message : 参见“MINIMUM_RESERVED_MANIFEST_RESOURCE_ID”的前一个定义
D:\vs\vs项目\学生选课管理系统\VS项目文件\学生选课管理系统\resource.h(224,1): warning C4005: “ISOLATIONAWARE_MANIFEST_RESOURCE_ID”: 宏重定义
C:\Program Files (x86)\Windows Kits\10\Include\10.0.22000.0\um\winuser.h(284,1): message : 参见“ISOLATIONAWARE_MANIFEST_RESOURCE_ID”的前一个定义
D:\vs\vs项目\学生选课管理系统\VS项目文件\学生选课管理系统\resource.h(313,1): warning C4005: “ISOLATIONAWARE_NOSTATICIMPORT_MANIFEST_RESOURCE_ID”: 宏重定义
C:\Program Files (x86)\Windows Kits\10\Include\10.0.22000.0\um\winuser.h(285,1): message : 参见“ISOLATIONAWARE_NOSTATICIMPORT_MANIFEST_RESOURCE_ID”的前一个定义
D:\vs\vs项目\学生选课管理系统\VS项目文件\学生选课管理系统\resource.h(348,1): warning C4005: “ISOLATIONPOLICY_MANIFEST_RESOURCE_ID”: 宏重定义
C:\Program Files (x86)\Windows Kits\10\Include\10.0.22000.0\um\winuser.h(286,1): message : 参见“ISOLATIONPOLICY_MANIFEST_RESOURCE_ID”的前一个定义
D:\vs\vs项目\学生选课管理系统\VS项目文件\学生选课管理系统\resource.h(398,1): warning C4005: “ISOLATIONPOLICY_BROWSER_MANIFEST_RESOURCE_ID”: 宏重定义
C:\Program Files (x86)\Windows Kits\10\Include\10.0.22000.0\um\winuser.h(287,1): message : 参见“ISOLATIONPOLICY_BROWSER_MANIFEST_RESOURCE_ID”的前一个定义
D:\vs\vs项目\学生选课管理系统\VS项目文件\学生选课管理系统\resource.h(546,1): warning C4005: “MAXIMUM_RESERVED_MANIFEST_RESOURCE_ID”: 宏重定义
C:\Program Files (x86)\Windows Kits\10\Include\10.0.22000.0\um\winuser.h(289,1): message : 参见“MAXIMUM_RESERVED_MANIFEST_RESOURCE_ID”的前一个定义
D:\vs\vs项目\学生选课管理系统\VS项目文件\学生选课管理系统\resource.h(610,1): warning C4005: “RT_MANIFEST”: 宏重定义
C:\Program Files (x86)\Windows Kits\10\Include\10.0.22000.0\um\winuser.h(282,1): message : 参见“RT_MANIFEST”的前一个定义
D:\vs\vs项目\学生选课管理系统\VS项目文件\学生选课管理系统\resource.h(1541,1): warning C4005: “_WIN32_IE”: 宏重定义
D:\vs\Visual Studio IDE\VC\Tools\MSVC\14.35.32215\atlmfc\include\afxdlgs.h(30,1): message : 参见“_WIN32_IE”的前一个定义
D:\vs\vs项目\学生选课管理系统\VS项目文件\学生选课管理系统\resource.h(1575,1): warning C4005: “IDI_APPLICATION”: 宏重定义
C:\Program Files (x86)\Windows Kits\10\Include\10.0.22000.0\um\winuser.h(11073,1): message : 参见“IDI_APPLICATION”的前一个定义
D:\vs\vs项目\学生选课管理系统\VS项目文件\学生选课管理系统\resource.h(1578,1): warning C4005: “IDI_HAND”: 宏重定义
C:\Program Files (x86)\Windows Kits\10\Include\10.0.22000.0\um\winuser.h(11074,1): message : 参见“IDI_HAND”的前一个定义
D:\vs\vs项目\学生选课管理系统\VS项目文件\学生选课管理系统\resource.h(1581,1): warning C4005: “IDI_QUESTION”: 宏重定义
C:\Program Files (x86)\Windows Kits\10\Include\10.0.22000.0\um\winuser.h(11075,1): message : 参见“IDI_QUESTION”的前一个定义
D:\vs\vs项目\学生选课管理系统\VS项目文件\学生选课管理系统\resource.h(1584,1): warning C4005: “IDI_EXCLAMATION”: 宏重定义
C:\Program Files (x86)\Windows Kits\10\Include\10.0.22000.0\um\winuser.h(11076,1): message : 参见“IDI_EXCLAMATION”的前一个定义
D:\vs\vs项目\学生选课管理系统\VS项目文件\学生选课管理系统\resource.h(1587,1): warning C4005: “IDI_ASTERISK”: 宏重定义
C:\Program Files (x86)\Windows Kits\10\Include\10.0.22000.0\um\winuser.h(11077,1): message : 参见“IDI_ASTERISK”的前一个定义
D:\vs\vs项目\学生选课管理系统\VS项目文件\学生选课管理系统\resource.h(1589,1): warning C4005: “IDI_WINLOGO”: 宏重定义
C:\Program Files (x86)\Windows Kits\10\Include\10.0.22000.0\um\winuser.h(11079,1): message : 参见“IDI_WINLOGO”的前一个定义
D:\vs\vs项目\学生选课管理系统\VS项目文件\学生选课管理系统\resource.h(1591,1): warning C4005: “IDI_SHIELD”: 宏重定义
C:\Program Files (x86)\Windows Kits\10\Include\10.0.22000.0\um\winuser.h(11082,1): message : 参见“IDI_SHIELD”的前一个定义
D:\vs\vs项目\学生选课管理系统\VS项目文件\学生选课管理系统\resource.h(1666,1): warning C4005: “HTERROR”: 宏重定义
C:\Program Files (x86)\Windows Kits\10\Include\10.0.22000.0\um\winuser.h(2564,1): message : 参见“HTERROR”的前一个定义
D:\vs\vs项目\学生选课管理系统\VS项目文件\学生选课管理系统\resource.h(1668,1): warning C4005: “PWR_FAIL”: 宏重定义
C:\Program Files (x86)\Windows Kits\10\Include\10.0.22000.0\um\winuser.h(2074,1): message : 参见“PWR_FAIL”的前一个定义
D:\vs\vs项目\学生选课管理系统\VS项目文件\学生选课管理系统\resource.h(1669,1): warning C4005: “HTTRANSPARENT”: 宏重定义
C:\Program Files (x86)\Windows Kits\10\Include\10.0.22000.0\um\winuser.h(2565,1): message : 参见“HTTRANSPARENT”的前一个定义
  pch.cpp
C:\Program Files (x86)\Windows Kits\10\Include\10.0.22000.0\um\winuser.rh(471): warning RC4005: 'PWR_FAIL' : redefinition
  
C:\Program Files (x86)\Windows Kits\10\Include\10.0.22000.0\um\winuser.rh(884): warning RC4005: 'HTERROR' : redefinition
  
C:\Program Files (x86)\Windows Kits\10\Include\10.0.22000.0\um\winuser.rh(885): warning RC4005: 'HTTRANSPARENT' : redefinition
  
  学生选课管理系统.vcxproj -> D:\vs\vs项目\学生选课管理系统\VS项目文件\学生选课管理系统\x64\Debug\学生选课管理系统.exe
